mode: set
PlantSite/internal/infra/minio-client/client.go:13.62,25.16 2 0
PlantSite/internal/infra/minio-client/client.go:25.16,27.3 1 0
PlantSite/internal/infra/minio-client/client.go:28.2,28.64 1 0
PlantSite/internal/infra/minio-client/client.go:31.47,33.2 1 0
PlantSite/internal/infra/minio-client/config.go:19.84,20.20 1 0
PlantSite/internal/infra/minio-client/config.go:20.20,22.3 1 0
PlantSite/internal/infra/minio-client/config.go:23.2,23.16 1 0
PlantSite/internal/infra/minio-client/config.go:23.16,25.3 1 0
PlantSite/internal/infra/minio-client/config.go:26.2,26.20 1 0
PlantSite/internal/infra/minio-client/config.go:26.20,28.3 1 0
PlantSite/internal/infra/minio-client/config.go:29.2,29.18 1 0
PlantSite/internal/infra/minio-client/config.go:29.18,31.3 1 0
PlantSite/internal/infra/minio-client/config.go:32.2,37.8 1 0
PlantSite/internal/infra/session-storage/storage.go:17.48,22.2 1 0
PlantSite/internal/infra/session-storage/storage.go:24.105,28.9 4 0
PlantSite/internal/infra/session-storage/storage.go:28.9,30.3 1 0
PlantSite/internal/infra/session-storage/storage.go:31.2,31.42 1 0
PlantSite/internal/infra/session-storage/storage.go:31.42,34.3 2 0
PlantSite/internal/infra/session-storage/storage.go:35.2,35.21 1 0
PlantSite/internal/infra/session-storage/storage.go:38.113,43.2 4 0
PlantSite/internal/infra/session-storage/storage.go:45.84,50.2 4 0
PlantSite/internal/infra/session-storage/storage.go:52.75,55.44 3 0
PlantSite/internal/infra/session-storage/storage.go:55.44,56.43 1 0
PlantSite/internal/infra/session-storage/storage.go:56.43,58.4 1 0
PlantSite/internal/infra/session-storage/storage.go:60.2,60.12 1 0
PlantSite/internal/infra/specification-mapper/plant-registry/interface.go:11.76,13.2 1 0
PlantSite/internal/infra/specification-mapper/plant-registry/interface.go:15.73,17.2 1 0
PlantSite/internal/infra/specification-mapper/plant-registry/interface.go:19.96,21.2 1 0
PlantSite/internal/infra/specification-mapper/plant-registry/rwmap.go:14.102,17.45 3 0
PlantSite/internal/infra/specification-mapper/plant-registry/rwmap.go:17.45,19.3 1 0
PlantSite/internal/infra/specification-mapper/plant-registry/rwmap.go:20.2,20.33 1 0
PlantSite/internal/infra/specification-mapper/plant-registry/rwmap.go:23.108,29.2 5 0
PlantSite/internal/infra/specification-mapper/plant-registry/rwmap.go:31.125,34.53 3 0
PlantSite/internal/infra/specification-mapper/plant-registry/rwmap.go:34.53,36.3 1 0
PlantSite/internal/infra/specification-mapper/plant-registry/rwmap.go:37.2,37.33 1 0
PlantSite/internal/infra/specification-mapper/plant-registry/rwmap.go:40.66,46.2 1 0
PlantSite/internal/infra/filters/registry/filter.go:15.61,17.2 1 0
PlantSite/internal/infra/filters/registry/filter.go:19.76,22.2 2 0
PlantSite/internal/infra/filters/registry/filter.go:24.71,26.29 2 0
PlantSite/internal/infra/filters/registry/filter.go:26.29,28.3 1 0
PlantSite/internal/infra/filters/registry/filter.go:29.2,30.25 2 0
PlantSite/internal/infra/filters/registry/filter.go:33.59,35.2 1 0
PlantSite/internal/infra/filters/registry/filter.go:37.74,40.2 2 0
PlantSite/internal/infra/filters/registry/filter.go:42.70,44.29 2 0
PlantSite/internal/infra/filters/registry/filter.go:44.29,46.3 1 0
PlantSite/internal/infra/filters/registry/filter.go:47.2,48.25 2 0
PlantSite/internal/infra/filters/registry/interface.go:11.71,13.2 1 0
PlantSite/internal/infra/filters/registry/interface.go:15.69,17.2 1 0
PlantSite/internal/infra/filters/registry/interface.go:19.77,21.2 1 0
PlantSite/internal/infra/filters/registry/interface.go:23.74,25.2 1 0
PlantSite/internal/infra/filters/registry/rwmap.go:18.42,24.2 1 0
PlantSite/internal/infra/filters/registry/rwmap.go:26.91,31.2 4 0
PlantSite/internal/infra/filters/registry/rwmap.go:33.89,38.2 4 0
PlantSite/internal/infra/filters/registry/rwmap.go:40.97,44.9 4 0
PlantSite/internal/infra/filters/registry/rwmap.go:44.9,46.3 1 0
PlantSite/internal/infra/filters/registry/rwmap.go:47.2,47.24 1 0
PlantSite/internal/infra/filters/registry/rwmap.go:50.94,54.9 4 0
PlantSite/internal/infra/filters/registry/rwmap.go:54.9,56.3 1 0
PlantSite/internal/infra/filters/registry/rwmap.go:57.2,57.24 1 0
PlantSite/internal/infra/filters/post-filters/author.go:10.13,12.2 1 0
PlantSite/internal/infra/filters/post-filters/author.go:16.89,18.9 2 0
PlantSite/internal/infra/filters/post-filters/author.go:18.9,20.3 1 0
PlantSite/internal/infra/filters/post-filters/author.go:22.2,26.18 2 0
PlantSite/internal/infra/filters/post-filters/tags.go:10.13,12.2 1 0
PlantSite/internal/infra/filters/post-filters/tags.go:16.87,18.9 2 0
PlantSite/internal/infra/filters/post-filters/tags.go:18.9,20.3 1 0
PlantSite/internal/infra/filters/post-filters/tags.go:22.2,29.18 3 0
PlantSite/internal/infra/filters/post-filters/title-contains.go:11.13,13.2 1 0
PlantSite/internal/infra/filters/post-filters/title-contains.go:17.96,19.9 2 0
PlantSite/internal/infra/filters/post-filters/title-contains.go:19.9,21.3 1 0
PlantSite/internal/infra/filters/post-filters/title-contains.go:23.2,27.18 2 0
PlantSite/internal/infra/filters/post-filters/title.go:10.13,12.2 1 0
PlantSite/internal/infra/filters/post-filters/title.go:16.87,18.9 2 0
PlantSite/internal/infra/filters/post-filters/title.go:18.9,20.3 1 0
PlantSite/internal/infra/filters/post-filters/title.go:22.2,26.18 2 0
PlantSite/internal/infra/specification-mapper/interface.go:13.83,15.2 1 0
PlantSite/internal/infra/specification-mapper/interface.go:17.106,19.2 1 0
PlantSite/internal/infra/specification-mapper/specification/coniferous.go:21.13,23.2 1 0
PlantSite/internal/infra/specification-mapper/specification/coniferous.go:27.72,37.2 1 0
PlantSite/internal/infra/specification-mapper/specification/coniferous.go:39.83,49.2 1 0
PlantSite/internal/infra/specification-mapper/specification/coniferous.go:51.85,53.52 2 0
PlantSite/internal/infra/specification-mapper/specification/coniferous.go:53.52,54.29 1 0
PlantSite/internal/infra/specification-mapper/specification/coniferous.go:55.16,56.26 1 0
PlantSite/internal/infra/specification-mapper/specification/coniferous.go:57.12,58.35 1 0
PlantSite/internal/infra/specification-mapper/specification/coniferous.go:59.11,60.37 1 0
PlantSite/internal/infra/specification-mapper/specification/coniferous.go:62.8,64.3 1 0
PlantSite/internal/infra/specification-mapper/specification/coniferous.go:66.2,66.54 1 0
PlantSite/internal/infra/specification-mapper/specification/coniferous.go:66.54,67.29 1 0
PlantSite/internal/infra/specification-mapper/specification/coniferous.go:68.16,69.28 1 0
PlantSite/internal/infra/specification-mapper/specification/coniferous.go:70.12,71.37 1 0
PlantSite/internal/infra/specification-mapper/specification/coniferous.go:72.11,73.39 1 0
PlantSite/internal/infra/specification-mapper/specification/coniferous.go:75.8,77.3 1 0
PlantSite/internal/infra/specification-mapper/specification/coniferous.go:79.2,79.56 1 0
PlantSite/internal/infra/specification-mapper/specification/coniferous.go:79.56,80.29 1 0
PlantSite/internal/infra/specification-mapper/specification/coniferous.go:81.16,82.61 1 0
PlantSite/internal/infra/specification-mapper/specification/coniferous.go:83.12,84.49 1 0
PlantSite/internal/infra/specification-mapper/specification/coniferous.go:85.11,86.41 1 0
PlantSite/internal/infra/specification-mapper/specification/coniferous.go:88.8,90.3 1 0
PlantSite/internal/infra/specification-mapper/specification/coniferous.go:92.2,92.57 1 0
PlantSite/internal/infra/specification-mapper/specification/coniferous.go:92.57,93.29 1 0
PlantSite/internal/infra/specification-mapper/specification/coniferous.go:94.15,95.51 1 0
PlantSite/internal/infra/specification-mapper/specification/coniferous.go:96.11,97.42 1 0
PlantSite/internal/infra/specification-mapper/specification/coniferous.go:99.8,101.3 1 0
PlantSite/internal/infra/specification-mapper/specification/coniferous.go:103.2,103.58 1 0
PlantSite/internal/infra/specification-mapper/specification/coniferous.go:103.58,104.29 1 0
PlantSite/internal/infra/specification-mapper/specification/coniferous.go:105.15,106.53 1 0
PlantSite/internal/infra/specification-mapper/specification/coniferous.go:107.11,108.43 1 0
PlantSite/internal/infra/specification-mapper/specification/coniferous.go:110.8,112.3 1 0
PlantSite/internal/infra/specification-mapper/specification/coniferous.go:114.2,114.53 1 0
PlantSite/internal/infra/specification-mapper/specification/coniferous.go:114.53,115.29 1 0
PlantSite/internal/infra/specification-mapper/specification/coniferous.go:116.15,117.39 1 0
PlantSite/internal/infra/specification-mapper/specification/coniferous.go:118.11,119.38 1 0
PlantSite/internal/infra/specification-mapper/specification/coniferous.go:121.8,123.3 1 0
PlantSite/internal/infra/specification-mapper/specification/coniferous.go:125.2,125.60 1 0
PlantSite/internal/infra/specification-mapper/specification/coniferous.go:125.60,126.29 1 0
PlantSite/internal/infra/specification-mapper/specification/coniferous.go:127.16,128.69 1 0
PlantSite/internal/infra/specification-mapper/specification/coniferous.go:129.12,130.57 1 0
PlantSite/internal/infra/specification-mapper/specification/coniferous.go:131.11,132.45 1 0
PlantSite/internal/infra/specification-mapper/specification/coniferous.go:134.8,136.3 1 0
PlantSite/internal/infra/specification-mapper/specification/coniferous.go:137.2,137.22 1 0
PlantSite/internal/infra/specification-mapper/specification/coniferous.go:140.97,142.9 2 0
PlantSite/internal/infra/specification-mapper/specification/coniferous.go:142.9,144.3 1 0
PlantSite/internal/infra/specification-mapper/specification/coniferous.go:145.2,153.8 1 0
PlantSite/internal/infra/specification-mapper/specification/deciduous.go:11.13,13.2 1 0
PlantSite/internal/infra/specification-mapper/specification/deciduous.go:28.71,39.2 1 0
PlantSite/internal/infra/specification-mapper/specification/deciduous.go:41.82,52.2 1 0
PlantSite/internal/infra/specification-mapper/specification/deciduous.go:54.84,56.52 2 0
PlantSite/internal/infra/specification-mapper/specification/deciduous.go:56.52,57.29 1 0
PlantSite/internal/infra/specification-mapper/specification/deciduous.go:58.16,59.26 1 0
PlantSite/internal/infra/specification-mapper/specification/deciduous.go:60.12,61.35 1 0
PlantSite/internal/infra/specification-mapper/specification/deciduous.go:62.11,63.37 1 0
PlantSite/internal/infra/specification-mapper/specification/deciduous.go:65.8,67.3 1 0
PlantSite/internal/infra/specification-mapper/specification/deciduous.go:69.2,69.54 1 0
PlantSite/internal/infra/specification-mapper/specification/deciduous.go:69.54,70.29 1 0
PlantSite/internal/infra/specification-mapper/specification/deciduous.go:71.16,72.28 1 0
PlantSite/internal/infra/specification-mapper/specification/deciduous.go:73.12,74.37 1 0
PlantSite/internal/infra/specification-mapper/specification/deciduous.go:75.11,76.39 1 0
PlantSite/internal/infra/specification-mapper/specification/deciduous.go:78.8,80.3 1 0
PlantSite/internal/infra/specification-mapper/specification/deciduous.go:82.2,82.56 1 0
PlantSite/internal/infra/specification-mapper/specification/deciduous.go:82.56,83.29 1 0
PlantSite/internal/infra/specification-mapper/specification/deciduous.go:84.16,85.61 1 0
PlantSite/internal/infra/specification-mapper/specification/deciduous.go:86.12,87.49 1 0
PlantSite/internal/infra/specification-mapper/specification/deciduous.go:88.11,89.41 1 0
PlantSite/internal/infra/specification-mapper/specification/deciduous.go:91.8,93.3 1 0
PlantSite/internal/infra/specification-mapper/specification/deciduous.go:95.2,95.57 1 0
PlantSite/internal/infra/specification-mapper/specification/deciduous.go:95.57,96.29 1 0
PlantSite/internal/infra/specification-mapper/specification/deciduous.go:97.15,98.51 1 0
PlantSite/internal/infra/specification-mapper/specification/deciduous.go:99.11,100.42 1 0
PlantSite/internal/infra/specification-mapper/specification/deciduous.go:102.8,104.3 1 0
PlantSite/internal/infra/specification-mapper/specification/deciduous.go:106.2,106.58 1 0
PlantSite/internal/infra/specification-mapper/specification/deciduous.go:106.58,107.29 1 0
PlantSite/internal/infra/specification-mapper/specification/deciduous.go:108.15,109.53 1 0
PlantSite/internal/infra/specification-mapper/specification/deciduous.go:110.11,111.43 1 0
PlantSite/internal/infra/specification-mapper/specification/deciduous.go:113.8,115.3 1 0
PlantSite/internal/infra/specification-mapper/specification/deciduous.go:117.2,117.53 1 0
PlantSite/internal/infra/specification-mapper/specification/deciduous.go:117.53,118.29 1 0
PlantSite/internal/infra/specification-mapper/specification/deciduous.go:119.15,120.39 1 0
PlantSite/internal/infra/specification-mapper/specification/deciduous.go:121.11,122.38 1 0
PlantSite/internal/infra/specification-mapper/specification/deciduous.go:124.8,126.3 1 0
PlantSite/internal/infra/specification-mapper/specification/deciduous.go:128.2,128.60 1 0
PlantSite/internal/infra/specification-mapper/specification/deciduous.go:128.60,129.29 1 0
PlantSite/internal/infra/specification-mapper/specification/deciduous.go:130.16,131.69 1 0
PlantSite/internal/infra/specification-mapper/specification/deciduous.go:132.12,133.57 1 0
PlantSite/internal/infra/specification-mapper/specification/deciduous.go:134.11,135.45 1 0
PlantSite/internal/infra/specification-mapper/specification/deciduous.go:137.8,139.3 1 0
PlantSite/internal/infra/specification-mapper/specification/deciduous.go:140.2,140.60 1 0
PlantSite/internal/infra/specification-mapper/specification/deciduous.go:140.60,141.29 1 0
PlantSite/internal/infra/specification-mapper/specification/deciduous.go:142.15,143.57 1 0
PlantSite/internal/infra/specification-mapper/specification/deciduous.go:144.11,145.45 1 0
PlantSite/internal/infra/specification-mapper/specification/deciduous.go:147.8,149.3 1 0
PlantSite/internal/infra/specification-mapper/specification/deciduous.go:150.2,150.22 1 0
PlantSite/internal/infra/specification-mapper/specification/deciduous.go:153.96,155.9 2 0
PlantSite/internal/infra/specification-mapper/specification/deciduous.go:155.9,157.3 1 0
PlantSite/internal/infra/specification-mapper/specification/deciduous.go:158.2,167.8 1 0
PlantSite/internal/infra/filters/plant-filters/category.go:11.13,13.2 1 0
PlantSite/internal/infra/filters/plant-filters/category.go:17.93,19.9 2 0
PlantSite/internal/infra/filters/plant-filters/category.go:19.9,21.3 1 0
PlantSite/internal/infra/filters/plant-filters/category.go:23.2,27.18 2 0
PlantSite/internal/infra/filters/plant-filters/diameter-m.go:12.13,14.2 1 0
PlantSite/internal/infra/filters/plant-filters/diameter-m.go:18.94,20.9 2 0
PlantSite/internal/infra/filters/plant-filters/diameter-m.go:20.9,22.3 1 0
PlantSite/internal/infra/filters/plant-filters/diameter-m.go:25.2,30.18 2 0
PlantSite/internal/infra/filters/plant-filters/flowering-period.go:12.13,14.2 1 0
PlantSite/internal/infra/filters/plant-filters/flowering-period.go:18.100,20.9 2 0
PlantSite/internal/infra/filters/plant-filters/flowering-period.go:20.9,22.3 1 0
PlantSite/internal/infra/filters/plant-filters/flowering-period.go:25.2,29.18 2 0
PlantSite/internal/infra/filters/plant-filters/height-m.go:12.13,14.2 1 0
PlantSite/internal/infra/filters/plant-filters/height-m.go:18.92,20.9 2 0
PlantSite/internal/infra/filters/plant-filters/height-m.go:20.9,22.3 1 0
PlantSite/internal/infra/filters/plant-filters/height-m.go:25.2,30.18 2 0
PlantSite/internal/infra/filters/plant-filters/latin-name.go:11.13,13.2 1 0
PlantSite/internal/infra/filters/plant-filters/latin-name.go:17.94,19.9 2 0
PlantSite/internal/infra/filters/plant-filters/latin-name.go:19.9,21.3 1 0
PlantSite/internal/infra/filters/plant-filters/latin-name.go:24.2,28.18 2 0
PlantSite/internal/infra/filters/plant-filters/light-relation.go:12.13,14.2 1 0
PlantSite/internal/infra/filters/plant-filters/light-relation.go:18.98,20.9 2 0
PlantSite/internal/infra/filters/plant-filters/light-relation.go:20.9,22.3 1 0
PlantSite/internal/infra/filters/plant-filters/light-relation.go:25.2,29.18 2 0
PlantSite/internal/infra/filters/plant-filters/name.go:11.13,13.2 1 0
PlantSite/internal/infra/filters/plant-filters/name.go:17.89,19.9 2 0
PlantSite/internal/infra/filters/plant-filters/name.go:19.9,21.3 1 0
PlantSite/internal/infra/filters/plant-filters/name.go:24.2,28.18 2 0
PlantSite/internal/infra/filters/plant-filters/soil-acidity.go:12.13,14.2 1 0
PlantSite/internal/infra/filters/plant-filters/soil-acidity.go:18.96,20.9 2 0
PlantSite/internal/infra/filters/plant-filters/soil-acidity.go:20.9,22.3 1 0
PlantSite/internal/infra/filters/plant-filters/soil-acidity.go:25.2,30.18 2 0
PlantSite/internal/infra/filters/plant-filters/soil-moisture.go:12.13,14.2 1 0
PlantSite/internal/infra/filters/plant-filters/soil-moisture.go:18.97,20.9 2 0
PlantSite/internal/infra/filters/plant-filters/soil-moisture.go:20.9,22.3 1 0
PlantSite/internal/infra/filters/plant-filters/soil-moisture.go:25.2,29.18 2 0
PlantSite/internal/infra/filters/plant-filters/soil-type.go:18.13,20.2 1 0
PlantSite/internal/infra/filters/plant-filters/soil-type.go:24.93,26.9 2 0
PlantSite/internal/infra/filters/plant-filters/soil-type.go:26.9,28.3 1 0
PlantSite/internal/infra/filters/plant-filters/soil-type.go:31.2,35.18 2 0
PlantSite/internal/infra/filters/plant-filters/winter-hardiness.go:12.13,14.2 1 0
PlantSite/internal/infra/filters/plant-filters/winter-hardiness.go:18.100,20.9 2 0
PlantSite/internal/infra/filters/plant-filters/winter-hardiness.go:20.9,22.3 1 0
PlantSite/internal/infra/filters/plant-filters/winter-hardiness.go:25.2,30.18 2 0
PlantSite/internal/infra/filters/interface.go:19.86,21.2 1 0
PlantSite/internal/infra/filters/interface.go:23.83,25.2 1 0
PlantSite/internal/models/files.go:25.92,26.20 1 0
PlantSite/internal/models/files.go:26.20,28.3 1 0
PlantSite/internal/models/files.go:29.2,34.8 1 0
PlantSite/internal/models/files.go:37.42,38.16 1 0
PlantSite/internal/models/files.go:38.16,40.3 1 0
PlantSite/internal/models/files.go:41.2,43.53 3 0
PlantSite/internal/models/files.go:53.88,59.2 1 0
PlantSite/internal/infra/sqpgx/config.go:32.90,33.16 1 0
PlantSite/internal/infra/sqpgx/config.go:33.16,35.3 1 0
PlantSite/internal/infra/sqpgx/config.go:36.2,36.20 1 0
PlantSite/internal/infra/sqpgx/config.go:36.20,38.3 1 0
PlantSite/internal/infra/sqpgx/config.go:39.2,39.18 1 0
PlantSite/internal/infra/sqpgx/config.go:39.18,41.3 1 0
PlantSite/internal/infra/sqpgx/config.go:42.2,42.16 1 0
PlantSite/internal/infra/sqpgx/config.go:42.16,44.3 1 0
PlantSite/internal/infra/sqpgx/config.go:46.2,55.20 2 0
PlantSite/internal/infra/sqpgx/config.go:58.52,60.2 1 0
PlantSite/internal/infra/sqpgx/db.go:22.58,24.16 2 0
PlantSite/internal/infra/sqpgx/db.go:24.16,26.3 1 0
PlantSite/internal/infra/sqpgx/db.go:27.2,27.12 1 0
PlantSite/internal/infra/sqpgx/db.go:32.83,34.16 2 0
PlantSite/internal/infra/sqpgx/db.go:34.16,36.3 1 0
PlantSite/internal/infra/sqpgx/db.go:37.2,38.16 2 0
PlantSite/internal/infra/sqpgx/db.go:38.16,40.3 1 0
PlantSite/internal/infra/sqpgx/db.go:41.2,42.16 2 0
PlantSite/internal/infra/sqpgx/db.go:42.16,44.3 1 0
PlantSite/internal/infra/sqpgx/db.go:45.2,45.34 1 0
PlantSite/internal/infra/sqpgx/db.go:48.99,50.16 2 0
PlantSite/internal/infra/sqpgx/db.go:50.16,52.3 1 0
PlantSite/internal/infra/sqpgx/db.go:53.2,56.8 2 0
PlantSite/internal/infra/sqpgx/db.go:59.97,61.16 2 0
PlantSite/internal/infra/sqpgx/db.go:61.16,63.3 1 0
PlantSite/internal/infra/sqpgx/db.go:64.2,65.16 2 0
PlantSite/internal/infra/sqpgx/db.go:65.16,67.3 1 0
PlantSite/internal/infra/sqpgx/db.go:68.2,68.18 1 0
PlantSite/internal/infra/sqpgx/db.go:71.104,73.16 2 0
PlantSite/internal/infra/sqpgx/db.go:73.16,75.3 1 0
PlantSite/internal/infra/sqpgx/db.go:76.2,77.16 2 0
PlantSite/internal/infra/sqpgx/db.go:77.16,79.3 1 0
PlantSite/internal/infra/sqpgx/db.go:80.2,80.29 1 0
PlantSite/internal/infra/sqpgx/db.go:80.29,82.3 1 0
PlantSite/internal/infra/sqpgx/db.go:83.2,83.17 1 0
PlantSite/internal/infra/sqpgx/db.go:86.104,88.16 2 0
PlantSite/internal/infra/sqpgx/db.go:88.16,90.3 1 0
PlantSite/internal/infra/sqpgx/db.go:91.2,92.16 2 0
PlantSite/internal/infra/sqpgx/db.go:92.16,94.3 1 0
PlantSite/internal/infra/sqpgx/db.go:95.2,95.29 1 0
PlantSite/internal/infra/sqpgx/db.go:95.29,97.3 1 0
PlantSite/internal/infra/sqpgx/db.go:98.2,98.17 1 0
PlantSite/internal/infra/sqpgx/db.go:101.104,103.16 2 0
PlantSite/internal/infra/sqpgx/db.go:103.16,105.3 1 0
PlantSite/internal/infra/sqpgx/db.go:106.2,107.16 2 0
PlantSite/internal/infra/sqpgx/db.go:107.16,109.3 1 0
PlantSite/internal/infra/sqpgx/db.go:110.2,110.29 1 0
PlantSite/internal/infra/sqpgx/db.go:110.29,112.3 1 0
PlantSite/internal/infra/sqpgx/db.go:113.2,113.17 1 0
PlantSite/internal/infra/sqpgx/db.go:116.102,118.16 2 0
PlantSite/internal/infra/sqpgx/db.go:118.16,120.3 1 0
PlantSite/internal/infra/sqpgx/db.go:121.2,125.16 4 0
PlantSite/internal/infra/sqpgx/db.go:125.16,127.3 1 0
PlantSite/internal/infra/sqpgx/db.go:128.2,129.16 2 0
PlantSite/internal/infra/sqpgx/db.go:129.16,131.3 1 0
PlantSite/internal/infra/sqpgx/db.go:132.2,132.12 1 0
PlantSite/internal/infra/sqpgx/errors.go:10.32,11.35 1 0
PlantSite/internal/infra/sqpgx/errors.go:11.35,13.3 1 0
PlantSite/internal/infra/sqpgx/errors.go:14.2,14.12 1 0
PlantSite/internal/infra/sqpgx/tx.go:17.99,19.16 2 0
PlantSite/internal/infra/sqpgx/tx.go:19.16,21.3 1 0
PlantSite/internal/infra/sqpgx/tx.go:22.2,24.34 2 0
PlantSite/internal/infra/sqpgx/tx.go:27.97,29.16 2 0
PlantSite/internal/infra/sqpgx/tx.go:29.16,31.3 1 0
PlantSite/internal/infra/sqpgx/tx.go:32.2,33.16 2 0
PlantSite/internal/infra/sqpgx/tx.go:33.16,35.3 1 0
PlantSite/internal/infra/sqpgx/tx.go:36.2,36.18 1 0
PlantSite/internal/infra/sqpgx/tx.go:39.104,41.16 2 0
PlantSite/internal/infra/sqpgx/tx.go:41.16,43.3 1 0
PlantSite/internal/infra/sqpgx/tx.go:44.2,45.16 2 0
PlantSite/internal/infra/sqpgx/tx.go:45.16,47.3 1 0
PlantSite/internal/infra/sqpgx/tx.go:48.2,48.36 1 0
PlantSite/internal/infra/sqpgx/tx.go:48.36,50.3 1 0
PlantSite/internal/infra/sqpgx/tx.go:51.2,51.24 1 0
PlantSite/internal/infra/sqpgx/tx.go:54.104,56.16 2 0
PlantSite/internal/infra/sqpgx/tx.go:56.16,58.3 1 0
PlantSite/internal/infra/sqpgx/tx.go:59.2,60.16 2 0
PlantSite/internal/infra/sqpgx/tx.go:60.16,62.3 1 0
PlantSite/internal/infra/sqpgx/tx.go:63.2,63.36 1 0
PlantSite/internal/infra/sqpgx/tx.go:63.36,65.3 1 0
PlantSite/internal/infra/sqpgx/tx.go:66.2,66.24 1 0
PlantSite/internal/infra/sqpgx/tx.go:69.104,71.16 2 0
PlantSite/internal/infra/sqpgx/tx.go:71.16,73.3 1 0
PlantSite/internal/infra/sqpgx/tx.go:74.2,75.16 2 0
PlantSite/internal/infra/sqpgx/tx.go:75.16,77.3 1 0
PlantSite/internal/infra/sqpgx/tx.go:78.2,78.36 1 0
PlantSite/internal/infra/sqpgx/tx.go:78.36,80.3 1 0
PlantSite/internal/infra/sqpgx/tx.go:81.2,81.24 1 0
PlantSite/internal/infra/sqpgx/tx.go:84.57,86.2 1 0
PlantSite/internal/infra/sqpgx/tx.go:88.59,90.2 1 0
PlantSite/internal/infra/sqpgx/tx.go:92.43,94.2 1 0
PlantSite/internal/models/album/album.go:27.39,37.41 2 1
PlantSite/internal/models/album/album.go:37.41,39.3 1 1
PlantSite/internal/models/album/album.go:40.2,40.19 1 1
PlantSite/internal/models/album/album.go:45.37,47.2 1 1
PlantSite/internal/models/album/album.go:49.38,50.26 1 1
PlantSite/internal/models/album/album.go:50.26,52.3 1 1
PlantSite/internal/models/album/album.go:53.2,53.22 1 1
PlantSite/internal/models/album/album.go:53.22,55.3 1 1
PlantSite/internal/models/album/album.go:56.2,56.31 1 1
PlantSite/internal/models/album/album.go:56.31,58.3 1 1
PlantSite/internal/models/album/album.go:59.2,59.39 1 1
PlantSite/internal/models/album/album.go:59.39,61.3 1 1
PlantSite/internal/models/album/album.go:62.2,62.44 1 1
PlantSite/internal/models/album/album.go:62.44,64.3 1 1
PlantSite/internal/models/album/album.go:65.2,65.27 1 1
PlantSite/internal/models/album/album.go:65.27,67.3 1 1
PlantSite/internal/models/album/album.go:68.2,68.35 1 1
PlantSite/internal/models/album/album.go:68.35,69.20 1 1
PlantSite/internal/models/album/album.go:69.20,71.4 1 1
PlantSite/internal/models/album/album.go:74.2,74.12 1 1
PlantSite/internal/models/album/album.go:77.35,79.2 1 0
PlantSite/internal/models/album/album.go:81.34,83.2 1 0
PlantSite/internal/models/album/album.go:85.41,87.2 1 0
PlantSite/internal/models/album/album.go:89.42,93.2 3 0
PlantSite/internal/models/album/album.go:95.42,97.2 1 0
PlantSite/internal/models/album/album.go:99.42,101.2 1 0
PlantSite/internal/models/album/album.go:103.43,105.2 1 1
PlantSite/internal/models/album/album.go:107.51,111.2 3 1
PlantSite/internal/models/album/album.go:113.65,117.2 3 1
PlantSite/internal/models/album/album.go:119.55,122.26 1 1
PlantSite/internal/models/album/album.go:122.26,122.49 1 1
PlantSite/internal/models/album/album.go:123.4,125.3 1 0
PlantSite/internal/models/album/album.go:126.2,129.12 3 1
PlantSite/internal/models/album/album.go:132.58,133.35 1 1
PlantSite/internal/models/album/album.go:133.35,134.19 1 1
PlantSite/internal/models/album/album.go:134.19,138.4 3 1
PlantSite/internal/models/album/album.go:140.2,140.25 1 1
PlantSite/internal/models/auth/author.go:17.106,24.39 2 1
PlantSite/internal/models/auth/author.go:24.39,26.3 1 1
PlantSite/internal/models/auth/author.go:28.2,28.17 1 1
PlantSite/internal/models/auth/author.go:31.35,32.44 1 1
PlantSite/internal/models/auth/author.go:32.44,34.3 1 1
PlantSite/internal/models/auth/author.go:35.2,35.25 1 1
PlantSite/internal/models/auth/author.go:35.25,37.3 1 1
PlantSite/internal/models/auth/author.go:38.2,38.27 1 1
PlantSite/internal/models/auth/author.go:38.27,40.3 1 0
PlantSite/internal/models/auth/author.go:41.2,41.50 1 1
PlantSite/internal/models/auth/author.go:41.50,43.3 1 0
PlantSite/internal/models/auth/author.go:44.2,44.48 1 1
PlantSite/internal/models/auth/author.go:44.48,46.3 1 1
PlantSite/internal/models/auth/author.go:48.2,48.12 1 1
PlantSite/internal/models/auth/author.go:51.39,54.2 2 1
PlantSite/internal/models/auth/author.go:56.43,59.2 2 0
PlantSite/internal/models/auth/author.go:61.41,63.2 1 1
PlantSite/internal/models/auth/author.go:65.41,67.2 1 1
PlantSite/internal/models/auth/author.go:69.111,71.2 1 1
PlantSite/internal/models/auth/author.go:73.33,75.2 1 1
PlantSite/internal/models/auth/author.go:77.35,79.2 1 0
PlantSite/internal/models/auth/author.go:81.39,83.2 1 0
PlantSite/internal/models/auth/author.go:85.41,87.2 1 0
PlantSite/internal/models/auth/author.go:89.48,91.2 1 0
PlantSite/internal/models/auth/author.go:93.50,95.2 1 0
PlantSite/internal/models/auth/author.go:97.64,99.2 1 0
PlantSite/internal/models/auth/member.go:18.117,27.42 2 1
PlantSite/internal/models/auth/member.go:27.42,29.3 1 1
PlantSite/internal/models/auth/member.go:30.2,30.20 1 1
PlantSite/internal/models/auth/member.go:33.35,34.18 1 1
PlantSite/internal/models/auth/member.go:34.18,36.3 1 1
PlantSite/internal/models/auth/member.go:37.2,37.19 1 1
PlantSite/internal/models/auth/member.go:37.19,39.3 1 1
PlantSite/internal/models/auth/member.go:40.2,40.37 1 1
PlantSite/internal/models/auth/member.go:40.37,42.3 1 0
PlantSite/internal/models/auth/member.go:43.2,43.47 1 1
PlantSite/internal/models/auth/member.go:43.47,45.3 1 1
PlantSite/internal/models/auth/member.go:46.2,46.26 1 1
PlantSite/internal/models/auth/member.go:46.26,48.3 1 1
PlantSite/internal/models/auth/member.go:49.2,49.25 1 1
PlantSite/internal/models/auth/member.go:49.25,51.3 1 1
PlantSite/internal/models/auth/member.go:53.2,53.12 1 1
PlantSite/internal/models/auth/member.go:56.72,60.2 3 1
PlantSite/internal/models/auth/member.go:62.41,64.2 1 1
PlantSite/internal/models/auth/member.go:66.41,68.2 1 1
PlantSite/internal/models/auth/member.go:70.111,72.16 2 1
PlantSite/internal/models/auth/member.go:72.16,74.3 1 1
PlantSite/internal/models/auth/member.go:75.2,75.12 1 1
PlantSite/internal/models/auth/member.go:78.33,80.2 1 1
PlantSite/internal/models/auth/member.go:82.32,84.2 1 0
PlantSite/internal/models/auth/member.go:86.33,88.2 1 0
PlantSite/internal/models/auth/member.go:90.42,92.2 1 0
PlantSite/internal/models/auth/member.go:94.40,96.2 1 0
PlantSite/internal/models/auth/member.go:98.48,101.37 3 0
PlantSite/internal/models/auth/member.go:101.37,104.3 2 0
PlantSite/internal/models/auth/member.go:105.2,105.12 1 0
PlantSite/internal/models/auth/member.go:108.50,111.37 3 0
PlantSite/internal/models/auth/member.go:111.37,114.3 2 0
PlantSite/internal/models/auth/member.go:115.2,115.12 1 0
PlantSite/internal/models/auth/member.go:118.64,121.37 3 0
PlantSite/internal/models/auth/member.go:121.37,124.3 2 0
PlantSite/internal/models/auth/member.go:125.2,125.12 1 0
PlantSite/internal/models/auth/noauth.go:7.44,9.2 1 0
PlantSite/internal/models/auth/noauth.go:11.44,13.2 1 0
PlantSite/internal/models/auth/noauth.go:15.27,17.2 1 0
PlantSite/internal/models/auth/noauth.go:19.102,21.2 1 0
PlantSite/internal/models/auth/noauth.go:23.36,25.2 1 0
PlantSite/internal/models/auth/utils.go:5.40,8.2 2 1
PlantSite/internal/models/plant/coniferous.go:24.69,34.40 2 1
PlantSite/internal/models/plant/coniferous.go:34.40,36.3 1 1
PlantSite/internal/models/plant/coniferous.go:37.2,37.18 1 1
PlantSite/internal/models/plant/coniferous.go:40.52,41.40 1 1
PlantSite/internal/models/plant/coniferous.go:41.40,43.3 1 1
PlantSite/internal/models/plant/coniferous.go:45.2,45.49 1 1
PlantSite/internal/models/plant/coniferous.go:45.49,47.3 1 0
PlantSite/internal/models/plant/coniferous.go:49.2,49.50 1 1
PlantSite/internal/models/plant/coniferous.go:49.50,51.3 1 0
PlantSite/internal/models/plant/coniferous.go:53.2,53.51 1 1
PlantSite/internal/models/plant/coniferous.go:53.51,55.3 1 0
PlantSite/internal/models/plant/coniferous.go:57.2,57.46 1 1
PlantSite/internal/models/plant/coniferous.go:57.46,59.3 1 0
PlantSite/internal/models/plant/coniferous.go:61.2,61.53 1 1
PlantSite/internal/models/plant/coniferous.go:61.53,63.3 1 0
PlantSite/internal/models/plant/coniferous.go:65.2,65.12 1 1
PlantSite/internal/models/plant/coniferous.go:68.56,70.2 1 1
PlantSite/internal/models/plant/coniferous.go:72.58,74.2 1 1
PlantSite/internal/models/plant/coniferous.go:76.64,78.2 1 1
PlantSite/internal/models/plant/coniferous.go:80.66,82.2 1 1
PlantSite/internal/models/plant/coniferous.go:84.68,86.2 1 1
PlantSite/internal/models/plant/coniferous.go:88.54,90.2 1 1
PlantSite/internal/models/plant/coniferous.go:92.72,94.2 1 1
PlantSite/internal/models/plant/coniferous.go:96.53,98.2 1 0
PlantSite/internal/models/plant/deciduous.go:26.68,37.40 2 1
PlantSite/internal/models/plant/deciduous.go:37.40,39.3 1 1
PlantSite/internal/models/plant/deciduous.go:40.2,40.18 1 1
PlantSite/internal/models/plant/deciduous.go:43.51,44.40 1 1
PlantSite/internal/models/plant/deciduous.go:44.40,46.3 1 1
PlantSite/internal/models/plant/deciduous.go:47.2,47.49 1 1
PlantSite/internal/models/plant/deciduous.go:47.49,49.3 1 0
PlantSite/internal/models/plant/deciduous.go:50.2,50.53 1 1
PlantSite/internal/models/plant/deciduous.go:50.53,52.3 1 0
PlantSite/internal/models/plant/deciduous.go:53.2,53.50 1 1
PlantSite/internal/models/plant/deciduous.go:53.50,55.3 1 0
PlantSite/internal/models/plant/deciduous.go:56.2,56.51 1 1
PlantSite/internal/models/plant/deciduous.go:56.51,58.3 1 0
PlantSite/internal/models/plant/deciduous.go:59.2,59.46 1 1
PlantSite/internal/models/plant/deciduous.go:59.46,61.3 1 0
PlantSite/internal/models/plant/deciduous.go:62.2,62.53 1 1
PlantSite/internal/models/plant/deciduous.go:62.53,64.3 1 0
PlantSite/internal/models/plant/deciduous.go:65.2,65.12 1 1
PlantSite/internal/models/plant/deciduous.go:68.54,70.2 1 1
PlantSite/internal/models/plant/deciduous.go:72.56,74.2 1 1
PlantSite/internal/models/plant/deciduous.go:76.70,78.2 1 1
PlantSite/internal/models/plant/deciduous.go:80.62,82.2 1 1
PlantSite/internal/models/plant/deciduous.go:84.64,86.2 1 1
PlantSite/internal/models/plant/deciduous.go:88.66,90.2 1 1
PlantSite/internal/models/plant/deciduous.go:92.52,94.2 1 1
PlantSite/internal/models/plant/deciduous.go:96.70,98.2 1 1
PlantSite/internal/models/plant/deciduous.go:100.51,102.2 1 0
PlantSite/internal/models/plant/flowering.go:26.44,27.12 1 1
PlantSite/internal/models/plant/flowering.go:28.136,29.13 1 1
PlantSite/internal/models/plant/flowering.go:30.10,31.56 1 0
PlantSite/internal/models/plant/hardiness.go:7.43,8.21 1 1
PlantSite/internal/models/plant/hardiness.go:8.21,10.3 1 0
PlantSite/internal/models/plant/hardiness.go:11.2,11.12 1 1
PlantSite/internal/models/plant/light-relation.go:13.42,14.12 1 1
PlantSite/internal/models/plant/light-relation.go:15.33,16.13 1 1
PlantSite/internal/models/plant/light-relation.go:17.10,18.57 1 0
PlantSite/internal/models/plant/moisture.go:14.41,15.12 1 1
PlantSite/internal/models/plant/moisture.go:16.62,17.13 1 1
PlantSite/internal/models/plant/moisture.go:18.10,19.53 1 0
PlantSite/internal/models/plant/photo.go:20.86,26.42 2 1
PlantSite/internal/models/plant/photo.go:26.42,28.3 1 1
PlantSite/internal/models/plant/photo.go:29.2,29.20 1 1
PlantSite/internal/models/plant/photo.go:32.59,33.35 1 1
PlantSite/internal/models/plant/photo.go:33.35,35.3 1 1
PlantSite/internal/models/plant/photo.go:36.2,36.63 1 1
PlantSite/internal/models/plant/photo.go:39.46,41.2 1 1
PlantSite/internal/models/plant/photo.go:43.48,45.2 1 1
PlantSite/internal/models/plant/photo.go:47.42,49.2 1 1
PlantSite/internal/models/plant/photo.go:51.79,53.2 1 1
PlantSite/internal/models/plant/photo.go:55.44,56.27 1 1
PlantSite/internal/models/plant/photo.go:56.27,58.3 1 1
PlantSite/internal/models/plant/photo.go:59.2,59.31 1 1
PlantSite/internal/models/plant/photo.go:59.31,61.3 1 1
PlantSite/internal/models/plant/photo.go:62.2,62.12 1 1
PlantSite/internal/models/plant/photo.go:65.36,67.2 1 1
PlantSite/internal/models/plant/photo.go:69.53,70.60 1 1
PlantSite/internal/models/plant/photo.go:70.60,72.3 1 1
PlantSite/internal/models/plant/photo.go:72.5,74.3 1 1
PlantSite/internal/models/plant/photo.go:75.2,76.12 2 1
PlantSite/internal/models/plant/photo.go:79.56,80.63 1 1
PlantSite/internal/models/plant/photo.go:80.63,82.3 1 1
PlantSite/internal/models/plant/photo.go:83.2,83.17 1 1
PlantSite/internal/models/plant/photo.go:83.17,85.3 1 1
PlantSite/internal/models/plant/photo.go:86.2,87.12 2 1
PlantSite/internal/models/plant/photo.go:90.72,91.34 1 1
PlantSite/internal/models/plant/photo.go:91.34,92.41 1 1
PlantSite/internal/models/plant/photo.go:92.41,94.4 1 1
PlantSite/internal/models/plant/photo.go:96.2,96.12 1 1
PlantSite/internal/models/plant/photo.go:99.80,100.27 1 1
PlantSite/internal/models/plant/photo.go:100.27,102.46 2 1
PlantSite/internal/models/plant/photo.go:102.46,104.4 1 0
PlantSite/internal/models/plant/photo.go:105.3,105.46 1 1
PlantSite/internal/models/plant/photo.go:105.46,107.4 1 1
PlantSite/internal/models/plant/photo.go:108.3,108.27 1 1
PlantSite/internal/models/plant/photo.go:110.2,110.12 1 1
PlantSite/internal/models/plant/photo.go:113.33,113.58 1 1
PlantSite/internal/models/plant/photo.go:115.41,117.2 1 1
PlantSite/internal/models/plant/plant.go:25.32,27.2 1 1
PlantSite/internal/models/plant/plant.go:29.34,31.2 1 1
PlantSite/internal/models/plant/plant.go:33.41,35.2 1 1
PlantSite/internal/models/plant/plant.go:37.39,39.2 1 1
PlantSite/internal/models/plant/plant.go:41.38,43.2 1 1
PlantSite/internal/models/plant/plant.go:45.55,47.2 1 1
PlantSite/internal/models/plant/plant.go:49.39,51.2 1 1
PlantSite/internal/models/plant/plant.go:53.39,55.2 1 0
PlantSite/internal/models/plant/plant.go:57.41,59.2 1 1
PlantSite/internal/models/plant/plant.go:61.41,63.2 1 1
PlantSite/internal/models/plant/plant.go:65.57,66.38 1 1
PlantSite/internal/models/plant/plant.go:66.38,68.3 1 0
PlantSite/internal/models/plant/plant.go:69.2,72.12 4 1
PlantSite/internal/models/plant/plant.go:75.51,77.16 2 1
PlantSite/internal/models/plant/plant.go:77.16,79.3 1 1
PlantSite/internal/models/plant/plant.go:80.2,81.12 2 1
PlantSite/internal/models/plant/plant.go:94.60,108.41 2 1
PlantSite/internal/models/plant/plant.go:108.41,110.3 1 1
PlantSite/internal/models/plant/plant.go:111.2,111.19 1 1
PlantSite/internal/models/plant/plant.go:117.52,119.2 1 1
PlantSite/internal/models/plant/plant.go:121.34,122.22 1 1
PlantSite/internal/models/plant/plant.go:122.22,124.3 1 1
PlantSite/internal/models/plant/plant.go:125.2,125.18 1 1
PlantSite/internal/models/plant/plant.go:125.18,127.3 1 1
PlantSite/internal/models/plant/plant.go:128.2,128.23 1 1
PlantSite/internal/models/plant/plant.go:128.23,130.3 1 0
PlantSite/internal/models/plant/plant.go:131.2,131.25 1 1
PlantSite/internal/models/plant/plant.go:131.25,133.3 1 0
PlantSite/internal/models/plant/plant.go:134.2,134.31 1 1
PlantSite/internal/models/plant/plant.go:134.31,136.3 1 0
PlantSite/internal/models/plant/plant.go:137.2,137.22 1 1
PlantSite/internal/models/plant/plant.go:137.22,139.3 1 0
PlantSite/internal/models/plant/plant.go:140.2,140.65 1 1
PlantSite/internal/models/plant/plant.go:140.65,142.3 1 0
PlantSite/internal/models/plant/plant.go:143.2,143.35 1 1
PlantSite/internal/models/plant/plant.go:143.35,145.3 1 1
PlantSite/internal/models/plant/plant.go:146.2,146.36 1 1
PlantSite/internal/models/plant/plant.go:146.36,148.3 1 0
PlantSite/internal/models/plant/plant.go:149.2,149.44 1 1
PlantSite/internal/models/plant/plant.go:149.44,151.3 1 0
PlantSite/internal/models/plant/plant.go:152.2,152.12 1 1
PlantSite/internal/models/plant/plant.go:155.54,157.58 2 0
PlantSite/internal/models/plant/plant.go:157.58,158.24 1 0
PlantSite/internal/models/plant/plant.go:158.24,162.4 3 0
PlantSite/internal/models/plant/plant.go:163.3,163.13 1 0
PlantSite/internal/models/plant/plant.go:165.2,165.29 1 0
PlantSite/internal/models/plant/plant.go:165.29,167.3 1 0
PlantSite/internal/models/plant/plant.go:167.8,167.23 1 0
PlantSite/internal/models/plant/plant.go:167.23,169.3 1 0
PlantSite/internal/models/plant/plant.go:170.2,170.12 1 0
PlantSite/internal/models/plant/plant.go:173.47,174.16 1 0
PlantSite/internal/models/plant/plant.go:174.16,176.3 1 0
PlantSite/internal/models/plant/plant.go:177.2,179.12 3 0
PlantSite/internal/models/plant/plant.go:182.57,183.21 1 0
PlantSite/internal/models/plant/plant.go:183.21,185.3 1 0
PlantSite/internal/models/plant/plant.go:186.2,188.12 3 0
PlantSite/internal/models/plant/plant.go:191.61,192.23 1 0
PlantSite/internal/models/plant/plant.go:192.23,194.3 1 0
PlantSite/internal/models/plant/plant.go:195.2,197.12 3 0
PlantSite/internal/models/plant/plant.go:200.64,201.29 1 0
PlantSite/internal/models/plant/plant.go:201.29,203.3 1 0
PlantSite/internal/models/plant/plant.go:204.2,206.12 3 0
PlantSite/internal/models/plant/soil-acidity.go:7.39,8.12 1 1
PlantSite/internal/models/plant/soil-acidity.go:8.12,10.3 1 0
PlantSite/internal/models/plant/soil-acidity.go:11.2,11.12 1 1
PlantSite/internal/models/plant/soil.go:13.33,14.12 1 1
PlantSite/internal/models/plant/soil.go:15.40,16.13 1 1
PlantSite/internal/models/plant/soil.go:17.10,18.49 1 0
PlantSite/internal/models/search/plant-search.go:9.36,13.2 1 0
PlantSite/internal/models/search/plant-search.go:15.53,17.2 1 0
PlantSite/internal/models/search/plant-search.go:19.52,20.30 1 0
PlantSite/internal/models/search/plant-search.go:20.30,21.20 1 0
PlantSite/internal/models/search/plant-search.go:21.20,23.4 1 0
PlantSite/internal/models/search/plant-search.go:25.2,25.13 1 0
PlantSite/internal/models/search/plant-search.go:28.65,29.30 1 0
PlantSite/internal/models/search/plant-search.go:29.30,30.31 1 0
PlantSite/internal/models/search/plant-search.go:30.31,32.4 1 0
PlantSite/internal/models/search/plant-search.go:34.2,34.12 1 0
PlantSite/internal/models/search/plant.go:20.55,22.2 1 1
PlantSite/internal/models/search/plant.go:24.47,26.2 1 0
PlantSite/internal/models/search/plant.go:28.59,30.2 1 1
PlantSite/internal/models/search/plant.go:38.67,40.2 1 1
PlantSite/internal/models/search/plant.go:42.63,44.2 1 1
PlantSite/internal/models/search/plant.go:46.51,48.2 1 0
PlantSite/internal/models/search/plant.go:56.70,58.2 1 1
PlantSite/internal/models/search/plant.go:60.64,62.2 1 1
PlantSite/internal/models/search/plant.go:64.52,66.2 1 0
PlantSite/internal/models/search/plant.go:74.64,76.2 1 1
PlantSite/internal/models/search/plant.go:78.49,80.2 1 0
PlantSite/internal/models/search/plant.go:82.58,84.29 2 1
PlantSite/internal/models/search/plant.go:85.38,86.64 1 1
PlantSite/internal/models/search/plant.go:87.37,88.64 1 1
PlantSite/internal/models/search/plant.go:90.2,90.14 1 0
PlantSite/internal/models/search/plant.go:99.51,101.2 1 0
PlantSite/internal/models/search/plant.go:103.68,105.2 1 1
PlantSite/internal/models/search/plant.go:107.60,109.29 2 1
PlantSite/internal/models/search/plant.go:110.38,111.68 1 1
PlantSite/internal/models/search/plant.go:112.37,113.68 1 1
PlantSite/internal/models/search/plant.go:115.2,115.14 1 0
PlantSite/internal/models/search/plant.go:124.54,126.2 1 0
PlantSite/internal/models/search/plant.go:128.79,130.2 1 1
PlantSite/internal/models/search/plant.go:132.63,134.29 2 1
PlantSite/internal/models/search/plant.go:135.38,136.74 1 1
PlantSite/internal/models/search/plant.go:137.37,138.74 1 1
PlantSite/internal/models/search/plant.go:140.2,140.14 1 0
PlantSite/internal/models/search/plant.go:149.55,151.2 1 0
PlantSite/internal/models/search/plant.go:153.93,155.2 1 1
PlantSite/internal/models/search/plant.go:157.64,159.29 2 1
PlantSite/internal/models/search/plant.go:160.38,161.70 1 1
PlantSite/internal/models/search/plant.go:162.37,163.70 1 1
PlantSite/internal/models/search/plant.go:165.2,165.14 1 0
PlantSite/internal/models/search/plant.go:174.56,176.2 1 0
PlantSite/internal/models/search/plant.go:178.96,180.2 1 1
PlantSite/internal/models/search/plant.go:182.65,184.29 2 1
PlantSite/internal/models/search/plant.go:185.38,186.71 1 1
PlantSite/internal/models/search/plant.go:187.37,188.71 1 1
PlantSite/internal/models/search/plant.go:190.2,190.14 1 0
PlantSite/internal/models/search/plant.go:199.52,201.2 1 0
PlantSite/internal/models/search/plant.go:203.85,205.2 1 1
PlantSite/internal/models/search/plant.go:207.61,209.29 2 1
PlantSite/internal/models/search/plant.go:210.38,211.80 1 1
PlantSite/internal/models/search/plant.go:212.37,213.80 1 1
PlantSite/internal/models/search/plant.go:215.2,215.14 1 0
PlantSite/internal/models/search/plant.go:224.51,226.2 1 0
PlantSite/internal/models/search/plant.go:228.77,230.2 1 1
PlantSite/internal/models/search/plant.go:232.60,234.29 2 1
PlantSite/internal/models/search/plant.go:235.38,236.66 1 1
PlantSite/internal/models/search/plant.go:237.37,238.66 1 1
PlantSite/internal/models/search/plant.go:240.2,240.14 1 0
PlantSite/internal/models/search/plant.go:249.58,251.2 1 0
PlantSite/internal/models/search/plant.go:253.88,257.2 1 1
PlantSite/internal/models/search/plant.go:259.67,261.29 2 1
PlantSite/internal/models/search/plant.go:262.37,263.80 1 1
PlantSite/internal/models/search/plant.go:265.2,265.14 1 1
PlantSite/internal/models/search/post-search.go:9.34,13.2 1 0
PlantSite/internal/models/search/post-search.go:15.51,17.2 1 0
PlantSite/internal/models/search/post-search.go:19.51,20.30 1 0
PlantSite/internal/models/search/post-search.go:20.30,21.22 1 0
PlantSite/internal/models/search/post-search.go:21.22,23.4 1 0
PlantSite/internal/models/search/post-search.go:25.2,25.13 1 0
PlantSite/internal/models/search/post-search.go:28.63,29.30 1 0
PlantSite/internal/models/search/post-search.go:29.30,30.31 1 0
PlantSite/internal/models/search/post-search.go:30.31,32.4 1 0
PlantSite/internal/models/search/post-search.go:34.2,34.12 1 0
PlantSite/internal/models/search/post.go:22.47,24.2 1 0
PlantSite/internal/models/search/post.go:26.56,28.2 1 1
PlantSite/internal/models/search/post.go:30.56,32.2 1 1
PlantSite/internal/models/search/post.go:40.55,42.2 1 0
PlantSite/internal/models/search/post.go:44.71,46.2 1 1
PlantSite/internal/models/search/post.go:48.64,50.2 1 1
PlantSite/internal/models/search/post.go:58.45,60.2 1 0
PlantSite/internal/models/search/post.go:62.53,64.2 1 1
PlantSite/internal/models/search/post.go:66.54,67.29 1 1
PlantSite/internal/models/search/post.go:67.29,68.40 1 1
PlantSite/internal/models/search/post.go:68.40,70.4 1 1
PlantSite/internal/models/search/post.go:72.2,72.14 1 1
PlantSite/internal/models/search/post.go:81.48,83.2 1 0
PlantSite/internal/models/search/post.go:85.64,87.2 1 1
PlantSite/internal/models/search/post.go:89.57,91.2 1 1
PlantSite/internal/models/post/content.go:11.42,12.12 1 1
PlantSite/internal/models/post/content.go:13.28,14.13 1 1
PlantSite/internal/models/post/content.go:15.10,16.54 1 0
PlantSite/internal/models/post/content.go:25.70,26.42 1 1
PlantSite/internal/models/post/content.go:26.42,28.3 1 0
PlantSite/internal/models/post/content.go:29.2,33.43 2 1
PlantSite/internal/models/post/content.go:33.43,35.3 1 0
PlantSite/internal/models/post/content.go:36.2,36.21 1 1
PlantSite/internal/models/post/content.go:39.36,40.49 1 1
PlantSite/internal/models/post/content.go:40.49,42.3 1 0
PlantSite/internal/models/post/content.go:43.2,43.18 1 1
PlantSite/internal/models/post/content.go:43.18,45.3 1 0
PlantSite/internal/models/post/content.go:48.2,48.23 1 1
PlantSite/internal/models/post/content.go:49.28,50.13 1 1
PlantSite/internal/models/post/content.go:52.2,52.66 1 0
PlantSite/internal/models/post/photo.go:17.91,24.2 2 1
PlantSite/internal/models/post/photo.go:26.74,28.2 1 1
PlantSite/internal/models/post/photo.go:30.36,32.2 1 1
PlantSite/internal/models/post/photo.go:34.39,36.2 1 1
PlantSite/internal/models/post/photo.go:38.40,40.2 1 1
PlantSite/internal/models/post/photo.go:42.38,43.22 1 1
PlantSite/internal/models/post/photo.go:43.22,45.3 1 1
PlantSite/internal/models/post/photo.go:46.2,46.26 1 1
PlantSite/internal/models/post/photo.go:46.26,48.3 1 0
PlantSite/internal/models/post/photo.go:49.2,49.12 1 1
PlantSite/internal/models/post/photo.go:56.34,58.2 1 1
PlantSite/internal/models/post/photo.go:60.40,62.34 2 1
PlantSite/internal/models/post/photo.go:62.34,63.80 1 1
PlantSite/internal/models/post/photo.go:63.80,65.4 1 1
PlantSite/internal/models/post/photo.go:66.3,66.57 1 1
PlantSite/internal/models/post/photo.go:66.57,68.4 1 0
PlantSite/internal/models/post/photo.go:69.3,70.33 2 1
PlantSite/internal/models/post/photo.go:70.33,72.4 1 1
PlantSite/internal/models/post/photo.go:74.2,74.12 1 1
PlantSite/internal/models/post/photo.go:77.44,80.44 1 1
PlantSite/internal/models/post/photo.go:80.44,82.3 1 1
PlantSite/internal/models/post/photo.go:85.2,85.27 1 1
PlantSite/internal/models/post/photo.go:85.27,87.3 1 1
PlantSite/internal/models/post/photo.go:90.51,91.48 1 1
PlantSite/internal/models/post/photo.go:91.48,93.3 1 1
PlantSite/internal/models/post/photo.go:94.2,94.41 1 1
PlantSite/internal/models/post/photo.go:94.41,96.3 1 1
PlantSite/internal/models/post/photo.go:97.2,97.60 1 1
PlantSite/internal/models/post/photo.go:97.60,97.125 1 1
PlantSite/internal/models/post/photo.go:97.127,99.3 1 1
PlantSite/internal/models/post/photo.go:100.2,100.27 1 1
PlantSite/internal/models/post/photo.go:100.27,101.56 1 1
PlantSite/internal/models/post/photo.go:101.56,103.4 1 0
PlantSite/internal/models/post/photo.go:105.2,108.12 3 1
PlantSite/internal/models/post/photo.go:111.55,112.31 1 1
PlantSite/internal/models/post/photo.go:112.31,113.25 1 1
PlantSite/internal/models/post/photo.go:113.25,114.44 1 1
PlantSite/internal/models/post/photo.go:114.44,116.5 1 1
PlantSite/internal/models/post/photo.go:117.4,119.14 3 1
PlantSite/internal/models/post/photo.go:122.2,122.38 1 1
PlantSite/internal/models/post/photo.go:125.37,128.2 2 0
PlantSite/internal/models/post/photo.go:130.41,134.2 3 1
PlantSite/internal/models/post/photo.go:136.32,138.2 1 0
PlantSite/internal/models/post/post.go:24.33,25.22 1 1
PlantSite/internal/models/post/post.go:25.22,27.3 1 1
PlantSite/internal/models/post/post.go:28.2,28.19 1 1
PlantSite/internal/models/post/post.go:28.19,30.3 1 1
PlantSite/internal/models/post/post.go:31.2,31.45 1 1
PlantSite/internal/models/post/post.go:31.45,33.3 1 0
PlantSite/internal/models/post/post.go:34.2,34.28 1 1
PlantSite/internal/models/post/post.go:34.28,36.3 1 1
PlantSite/internal/models/post/post.go:37.2,37.19 1 1
PlantSite/internal/models/post/post.go:37.19,39.3 1 1
PlantSite/internal/models/post/post.go:40.2,40.44 1 1
PlantSite/internal/models/post/post.go:40.44,42.3 1 0
PlantSite/internal/models/post/post.go:44.2,44.29 1 1
PlantSite/internal/models/post/post.go:44.29,45.16 1 1
PlantSite/internal/models/post/post.go:45.16,47.4 1 1
PlantSite/internal/models/post/post.go:50.2,50.37 1 1
PlantSite/internal/models/post/post.go:50.37,52.3 1 1
PlantSite/internal/models/post/post.go:54.2,54.35 1 1
PlantSite/internal/models/post/post.go:54.35,56.3 1 1
PlantSite/internal/models/post/post.go:58.2,58.12 1 1
PlantSite/internal/models/post/post.go:70.18,81.40 2 1
PlantSite/internal/models/post/post.go:81.40,83.3 1 1
PlantSite/internal/models/post/post.go:84.2,84.18 1 1
PlantSite/internal/models/post/post.go:93.18,96.2 2 1
PlantSite/internal/models/post/post.go:98.30,100.2 1 1
PlantSite/internal/models/post/post.go:102.36,104.2 1 1
PlantSite/internal/models/post/post.go:106.30,108.2 1 1
PlantSite/internal/models/post/post.go:110.33,112.2 1 1
PlantSite/internal/models/post/post.go:114.31,116.2 1 1
PlantSite/internal/models/post/post.go:118.35,120.2 1 1
PlantSite/internal/models/post/post.go:122.37,124.2 1 1
PlantSite/internal/models/post/post.go:126.37,128.2 1 1
PlantSite/internal/models/post/post.go:130.53,131.43 1 1
PlantSite/internal/models/post/post.go:131.43,133.3 1 0
PlantSite/internal/models/post/post.go:134.2,136.12 3 1
PlantSite/internal/models/post/post.go:139.48,140.17 1 1
PlantSite/internal/models/post/post.go:140.17,142.3 1 0
PlantSite/internal/models/post/post.go:143.2,145.12 3 1
PlantSite/internal/models/post/post.go:148.48,149.17 1 1
PlantSite/internal/models/post/post.go:149.17,151.3 1 0
PlantSite/internal/models/post/post.go:152.2,152.33 1 1
PlantSite/internal/models/post/post.go:152.33,154.3 1 0
PlantSite/internal/models/post/post.go:155.2,155.27 1 1
PlantSite/internal/models/post/post.go:155.27,156.16 1 1
PlantSite/internal/models/post/post.go:156.16,158.4 1 0
PlantSite/internal/models/post/post.go:160.2,162.12 3 1
PlantSite/internal/models/post/post.go:165.41,166.36 1 1
PlantSite/internal/models/post/post.go:166.36,168.3 1 1
PlantSite/internal/models/post/post.go:169.2,169.34 1 1
PlantSite/internal/models/post/post.go:169.34,171.3 1 1
PlantSite/internal/models/post/post.go:172.2,173.12 2 1
PlantSite/internal/models/post/post.go:176.44,178.17 2 1
PlantSite/internal/models/post/post.go:178.17,180.3 1 1
PlantSite/internal/models/post/post.go:181.2,181.16 1 1
PlantSite/internal/models/post/post.go:181.16,184.3 2 1
PlantSite/internal/models/post/post.go:185.2,186.12 2 0
PlantSite/internal/models/post/post.go:189.49,191.2 1 1
PlantSite/internal/models/post/post.go:193.30,195.2 1 0
PlantSite/internal/repositories/postgres/plant-get/get.go:38.70,40.2 1 0
PlantSite/internal/repositories/postgres/plant-get/get.go:42.94,52.16 5 0
PlantSite/internal/repositories/postgres/plant-get/get.go:52.16,54.3 1 0
PlantSite/internal/repositories/postgres/plant-get/get.go:56.2,57.27 2 0
PlantSite/internal/repositories/postgres/plant-get/get.go:57.27,59.3 1 0
PlantSite/internal/repositories/postgres/plant-get/get.go:59.8,59.23 1 0
PlantSite/internal/repositories/postgres/plant-get/get.go:59.23,61.3 1 0
PlantSite/internal/repositories/postgres/plant-get/get.go:63.2,64.16 2 0
PlantSite/internal/repositories/postgres/plant-get/get.go:64.16,66.3 1 0
PlantSite/internal/repositories/postgres/plant-get/get.go:68.2,73.16 2 0
PlantSite/internal/repositories/postgres/plant-get/get.go:73.16,75.3 1 0
PlantSite/internal/repositories/postgres/plant-get/get.go:76.2,77.18 2 0
PlantSite/internal/repositories/postgres/plant-get/get.go:77.18,80.17 3 0
PlantSite/internal/repositories/postgres/plant-get/get.go:80.17,82.4 1 0
PlantSite/internal/repositories/postgres/plant-get/get.go:83.3,84.17 2 0
PlantSite/internal/repositories/postgres/plant-get/get.go:84.17,86.4 1 0
PlantSite/internal/repositories/postgres/plant-get/get.go:87.3,87.20 1 0
PlantSite/internal/repositories/postgres/plant-get/get.go:90.2,91.16 2 0
PlantSite/internal/repositories/postgres/plant-get/get.go:91.16,93.3 1 0
PlantSite/internal/repositories/postgres/plant-get/get.go:95.2,107.18 2 0
PlantSite/internal/repositories/postgres/post-get/get.go:18.68,20.2 1 0
PlantSite/internal/repositories/postgres/post-get/get.go:37.90,43.36 3 0
PlantSite/internal/repositories/postgres/post-get/get.go:43.36,45.3 1 0
PlantSite/internal/repositories/postgres/post-get/get.go:45.8,45.23 1 0
PlantSite/internal/repositories/postgres/post-get/get.go:45.23,47.3 1 0
PlantSite/internal/repositories/postgres/post-get/get.go:49.2,50.36 2 0
PlantSite/internal/repositories/postgres/post-get/get.go:50.36,52.3 1 0
PlantSite/internal/repositories/postgres/post-get/get.go:52.8,52.23 1 0
PlantSite/internal/repositories/postgres/post-get/get.go:52.23,54.3 1 0
PlantSite/internal/repositories/postgres/post-get/get.go:55.2,60.16 3 0
PlantSite/internal/repositories/postgres/post-get/get.go:60.16,62.3 1 0
PlantSite/internal/repositories/postgres/post-get/get.go:63.2,64.18 2 0
PlantSite/internal/repositories/postgres/post-get/get.go:64.18,67.17 3 0
PlantSite/internal/repositories/postgres/post-get/get.go:67.17,69.4 1 0
PlantSite/internal/repositories/postgres/post-get/get.go:70.3,71.17 2 0
PlantSite/internal/repositories/postgres/post-get/get.go:71.17,73.4 1 0
PlantSite/internal/repositories/postgres/post-get/get.go:74.3,75.17 2 0
PlantSite/internal/repositories/postgres/post-get/get.go:75.17,77.4 1 0
PlantSite/internal/repositories/postgres/post-get/get.go:79.2,84.16 3 0
PlantSite/internal/repositories/postgres/post-get/get.go:84.16,86.3 1 0
PlantSite/internal/repositories/postgres/post-get/get.go:87.2,88.18 2 0
PlantSite/internal/repositories/postgres/post-get/get.go:88.18,91.17 3 0
PlantSite/internal/repositories/postgres/post-get/get.go:91.17,93.4 1 0
PlantSite/internal/repositories/postgres/post-get/get.go:94.3,94.30 1 0
PlantSite/internal/repositories/postgres/post-get/get.go:97.2,98.16 2 0
PlantSite/internal/repositories/postgres/post-get/get.go:98.16,100.3 1 0
PlantSite/internal/repositories/postgres/post-get/get.go:102.2,113.18 2 0
PlantSite/internal/services/auth-service/consts.go:19.53,20.59 1 0
PlantSite/internal/services/auth-service/consts.go:20.59,22.3 1 0
PlantSite/internal/services/auth-service/consts.go:23.2,23.12 1 0
PlantSite/internal/services/auth-service/errors.go:9.43,11.2 1 0
PlantSite/internal/services/auth-service/service.go:17.112,18.21 1 1
PlantSite/internal/services/auth-service/service.go:18.21,19.24 1 0
PlantSite/internal/services/auth-service/service.go:21.2,21.23 1 1
PlantSite/internal/services/auth-service/service.go:21.23,22.26 1 0
PlantSite/internal/services/auth-service/service.go:24.2,24.19 1 1
PlantSite/internal/services/auth-service/service.go:24.19,25.22 1 0
PlantSite/internal/services/auth-service/service.go:27.2,31.3 1 1
PlantSite/internal/services/auth-service/service.go:34.89,36.16 2 1
PlantSite/internal/services/auth-service/service.go:36.16,38.3 1 1
PlantSite/internal/services/auth-service/service.go:40.2,41.16 2 1
PlantSite/internal/services/auth-service/service.go:41.16,43.3 1 0
PlantSite/internal/services/auth-service/service.go:45.2,46.16 2 1
PlantSite/internal/services/auth-service/service.go:46.16,48.3 1 1
PlantSite/internal/services/auth-service/service.go:50.2,50.12 1 1
PlantSite/internal/services/auth-service/service.go:53.98,55.16 2 1
PlantSite/internal/services/auth-service/service.go:55.16,57.17 2 1
PlantSite/internal/services/auth-service/service.go:57.17,59.4 1 1
PlantSite/internal/services/auth-service/service.go:62.2,62.52 1 1
PlantSite/internal/services/auth-service/service.go:62.52,64.3 1 1
PlantSite/internal/services/auth-service/service.go:66.2,74.16 4 1
PlantSite/internal/services/auth-service/service.go:74.16,76.3 1 1
PlantSite/internal/services/auth-service/service.go:78.2,78.17 1 1
PlantSite/internal/services/auth-service/service.go:81.72,83.2 1 1
PlantSite/internal/services/auth-service/service.go:85.97,87.16 2 1
PlantSite/internal/services/auth-service/service.go:87.16,89.3 1 1
PlantSite/internal/services/auth-service/service.go:91.2,91.42 1 1
PlantSite/internal/services/auth-service/service.go:91.42,93.3 1 1
PlantSite/internal/services/auth-service/service.go:95.2,96.16 2 1
PlantSite/internal/services/auth-service/service.go:96.16,98.3 1 1
PlantSite/internal/services/auth-service/service.go:100.2,102.20 2 1
PlantSite/internal/services/auth-service/session.go:17.90,18.20 1 0
PlantSite/internal/services/auth-service/session.go:18.20,20.3 1 0
PlantSite/internal/services/auth-service/session.go:21.2,21.26 1 0
PlantSite/internal/services/auth-service/session.go:21.26,23.3 1 0
PlantSite/internal/services/auth-service/session.go:24.2,28.8 1 0
PlantSite/internal/testutils/pgtest/config.go:33.34,52.2 9 0
PlantSite/internal/testutils/pgtest/container.go:12.98,32.16 5 0
PlantSite/internal/testutils/pgtest/container.go:32.16,34.3 1 0
PlantSite/internal/testutils/pgtest/container.go:35.2,36.16 2 0
PlantSite/internal/testutils/pgtest/container.go:36.16,38.3 1 0
PlantSite/internal/testutils/pgtest/container.go:39.2,40.16 2 0
PlantSite/internal/testutils/pgtest/container.go:40.16,42.3 1 0
PlantSite/internal/testutils/pgtest/container.go:43.2,44.24 2 0
PlantSite/internal/testutils/pgtest/credentials.go:11.101,19.2 1 0
PlantSite/internal/testutils/pgtest/migrate.go:12.66,17.16 5 0
PlantSite/internal/testutils/pgtest/migrate.go:17.16,19.3 1 0
PlantSite/internal/testutils/pgtest/migrate.go:20.2,22.16 3 0
PlantSite/internal/testutils/pgtest/migrate.go:22.16,24.3 1 0
PlantSite/internal/testutils/pgtest/migrate.go:25.2,25.12 1 0
PlantSite/internal/services/search-service/errors.go:10.44,12.2 1 1
PlantSite/internal/services/search-service/errors.go:14.44,16.2 1 1
PlantSite/internal/services/search-service/errors.go:18.39,20.2 1 1
PlantSite/internal/services/search-service/get-plant.go:31.92,32.20 1 1
PlantSite/internal/services/search-service/get-plant.go:32.20,34.3 1 1
PlantSite/internal/services/search-service/get-plant.go:35.2,36.16 2 1
PlantSite/internal/services/search-service/get-plant.go:36.16,38.3 1 1
PlantSite/internal/services/search-service/get-plant.go:39.2,40.16 2 1
PlantSite/internal/services/search-service/get-plant.go:40.16,42.3 1 1
PlantSite/internal/services/search-service/get-plant.go:44.2,46.62 2 1
PlantSite/internal/services/search-service/get-plant.go:46.62,48.17 2 1
PlantSite/internal/services/search-service/get-plant.go:48.17,50.4 1 1
PlantSite/internal/services/search-service/get-plant.go:51.3,56.13 2 1
PlantSite/internal/services/search-service/get-plant.go:58.2,58.16 1 1
PlantSite/internal/services/search-service/get-plant.go:58.16,60.3 1 1
PlantSite/internal/services/search-service/get-plant.go:61.2,71.8 1 1
PlantSite/internal/services/search-service/get-post.go:13.92,15.2 1 0
PlantSite/internal/services/search-service/get-post.go:35.86,36.20 1 1
PlantSite/internal/services/search-service/get-post.go:36.20,38.3 1 1
PlantSite/internal/services/search-service/get-post.go:39.2,40.16 2 1
PlantSite/internal/services/search-service/get-post.go:40.16,42.3 1 1
PlantSite/internal/services/search-service/get-post.go:43.2,45.41 2 1
PlantSite/internal/services/search-service/get-post.go:45.41,47.17 2 1
PlantSite/internal/services/search-service/get-post.go:47.17,49.4 1 1
PlantSite/internal/services/search-service/get-post.go:50.3,54.5 1 1
PlantSite/internal/services/search-service/get-post.go:57.2,67.8 1 1
PlantSite/internal/services/search-service/search-plant.go:24.113,26.16 2 1
PlantSite/internal/services/search-service/search-plant.go:26.16,28.3 1 1
PlantSite/internal/services/search-service/search-plant.go:29.2,30.27 2 1
PlantSite/internal/services/search-service/search-plant.go:30.27,32.17 2 1
PlantSite/internal/services/search-service/search-plant.go:32.17,34.4 1 1
PlantSite/internal/services/search-service/search-plant.go:35.3,44.5 1 1
PlantSite/internal/services/search-service/search-plant.go:46.2,46.26 1 1
PlantSite/internal/services/search-service/search-post.go:31.110,33.16 2 1
PlantSite/internal/services/search-service/search-post.go:33.16,35.3 1 1
PlantSite/internal/services/search-service/search-post.go:36.2,37.26 2 1
PlantSite/internal/services/search-service/search-post.go:37.26,39.43 2 1
PlantSite/internal/services/search-service/search-post.go:39.43,41.18 2 1
PlantSite/internal/services/search-service/search-post.go:41.18,43.5 1 1
PlantSite/internal/services/search-service/search-post.go:44.4,48.6 1 1
PlantSite/internal/services/search-service/search-post.go:50.3,60.5 1 1
PlantSite/internal/services/search-service/search-post.go:62.2,62.25 1 1
PlantSite/internal/services/search-service/service.go:14.141,15.17 1 1
PlantSite/internal/services/search-service/service.go:15.17,16.43 1 1
PlantSite/internal/services/search-service/service.go:18.2,18.26 1 1
PlantSite/internal/services/search-service/service.go:18.26,19.47 1 1
PlantSite/internal/services/search-service/service.go:21.2,21.25 1 1
PlantSite/internal/services/search-service/service.go:21.25,22.46 1 1
PlantSite/internal/services/search-service/service.go:24.2,28.3 1 1
PlantSite/internal/testutils/miniotest/config.go:34.31,52.2 9 0
PlantSite/internal/testutils/miniotest/container.go:17.56,19.2 1 0
PlantSite/internal/testutils/miniotest/container.go:21.93,51.29 7 0
PlantSite/internal/testutils/miniotest/container.go:51.29,53.3 1 0
PlantSite/internal/testutils/miniotest/container.go:55.2,55.16 1 0
PlantSite/internal/testutils/miniotest/container.go:55.16,57.3 1 0
PlantSite/internal/testutils/miniotest/container.go:58.2,59.16 2 0
PlantSite/internal/testutils/miniotest/container.go:59.16,61.3 1 0
PlantSite/internal/testutils/miniotest/container.go:62.2,63.16 2 0
PlantSite/internal/testutils/miniotest/container.go:63.16,65.3 1 0
PlantSite/internal/testutils/miniotest/container.go:66.2,68.103 2 0
PlantSite/internal/testutils/miniotest/creds.go:13.94,21.2 1 0
PlantSite/internal/testutils/miniotest/creds.go:23.49,25.2 1 0
PlantSite/internal/testutils/miniotest/migrate.go:10.66,15.16 2 0
PlantSite/internal/testutils/miniotest/migrate.go:15.16,17.3 1 0
PlantSite/internal/testutils/miniotest/migrate.go:19.2,20.16 2 0
PlantSite/internal/testutils/miniotest/migrate.go:20.16,22.3 1 0
PlantSite/internal/testutils/miniotest/migrate.go:24.2,24.12 1 0
PlantSite/internal/repositories/tests/config.go:7.13,11.2 3 0
PlantSite/internal/repositories/tests/config.go:19.33,21.2 1 0
PlantSite/internal/services/album-service/errors.go:10.43,12.2 1 1
PlantSite/internal/services/album-service/errors.go:14.43,16.2 1 1
PlantSite/internal/services/album-service/errors.go:18.38,20.2 1 1
PlantSite/internal/services/album-service/service.go:15.64,17.2 1 1
PlantSite/internal/services/album-service/service.go:19.97,21.17 2 1
PlantSite/internal/services/album-service/service.go:21.17,23.3 1 1
PlantSite/internal/services/album-service/service.go:24.2,24.29 1 1
PlantSite/internal/services/album-service/service.go:24.29,26.3 1 1
PlantSite/internal/services/album-service/service.go:27.2,27.35 1 1
PlantSite/internal/services/album-service/service.go:27.35,29.3 1 0
PlantSite/internal/services/album-service/service.go:30.2,31.16 2 1
PlantSite/internal/services/album-service/service.go:31.16,33.3 1 0
PlantSite/internal/services/album-service/service.go:34.2,34.17 1 1
PlantSite/internal/services/album-service/service.go:37.90,39.17 2 1
PlantSite/internal/services/album-service/service.go:39.17,41.3 1 0
PlantSite/internal/services/album-service/service.go:42.2,42.29 1 1
PlantSite/internal/services/album-service/service.go:42.29,44.3 1 0
PlantSite/internal/services/album-service/service.go:45.2,46.16 2 1
PlantSite/internal/services/album-service/service.go:46.16,48.3 1 1
PlantSite/internal/services/album-service/service.go:49.2,49.35 1 1
PlantSite/internal/services/album-service/service.go:49.35,51.3 1 1
PlantSite/internal/services/album-service/service.go:52.2,52.17 1 1
PlantSite/internal/services/album-service/service.go:55.94,57.17 2 1
PlantSite/internal/services/album-service/service.go:57.17,59.3 1 0
PlantSite/internal/services/album-service/service.go:60.2,60.29 1 1
PlantSite/internal/services/album-service/service.go:60.29,62.3 1 0
PlantSite/internal/services/album-service/service.go:63.2,63.89 1 1
PlantSite/internal/services/album-service/service.go:63.89,64.34 1 1
PlantSite/internal/services/album-service/service.go:64.34,66.4 1 1
PlantSite/internal/services/album-service/service.go:67.3,68.16 2 1
PlantSite/internal/services/album-service/service.go:70.2,70.16 1 1
PlantSite/internal/services/album-service/service.go:70.16,72.3 1 1
PlantSite/internal/services/album-service/service.go:73.2,73.12 1 1
PlantSite/internal/services/album-service/service.go:76.108,78.17 2 1
PlantSite/internal/services/album-service/service.go:78.17,80.3 1 0
PlantSite/internal/services/album-service/service.go:81.2,81.29 1 1
PlantSite/internal/services/album-service/service.go:81.29,83.3 1 0
PlantSite/internal/services/album-service/service.go:84.2,84.89 1 1
PlantSite/internal/services/album-service/service.go:84.89,85.34 1 1
PlantSite/internal/services/album-service/service.go:85.34,87.4 1 0
PlantSite/internal/services/album-service/service.go:88.3,89.16 2 1
PlantSite/internal/services/album-service/service.go:91.2,91.16 1 1
PlantSite/internal/services/album-service/service.go:91.16,93.3 1 0
PlantSite/internal/services/album-service/service.go:94.2,94.12 1 1
PlantSite/internal/services/album-service/service.go:97.100,99.17 2 1
PlantSite/internal/services/album-service/service.go:99.17,101.3 1 0
PlantSite/internal/services/album-service/service.go:102.2,102.29 1 1
PlantSite/internal/services/album-service/service.go:102.29,104.3 1 0
PlantSite/internal/services/album-service/service.go:105.2,105.89 1 1
PlantSite/internal/services/album-service/service.go:105.89,106.34 1 1
PlantSite/internal/services/album-service/service.go:106.34,108.4 1 0
PlantSite/internal/services/album-service/service.go:109.3,110.16 2 1
PlantSite/internal/services/album-service/service.go:112.2,112.16 1 1
PlantSite/internal/services/album-service/service.go:112.16,114.3 1 1
PlantSite/internal/services/album-service/service.go:115.2,115.12 1 1
PlantSite/internal/services/album-service/service.go:118.105,120.17 2 1
PlantSite/internal/services/album-service/service.go:120.17,122.3 1 0
PlantSite/internal/services/album-service/service.go:123.2,123.29 1 1
PlantSite/internal/services/album-service/service.go:123.29,125.3 1 0
PlantSite/internal/services/album-service/service.go:126.2,126.89 1 1
PlantSite/internal/services/album-service/service.go:126.89,127.34 1 1
PlantSite/internal/services/album-service/service.go:127.34,129.4 1 0
PlantSite/internal/services/album-service/service.go:130.3,131.16 2 1
PlantSite/internal/services/album-service/service.go:133.2,133.16 1 1
PlantSite/internal/services/album-service/service.go:133.16,135.3 1 1
PlantSite/internal/services/album-service/service.go:136.2,136.12 1 1
PlantSite/internal/services/album-service/service.go:139.77,141.17 2 1
PlantSite/internal/services/album-service/service.go:141.17,143.3 1 0
PlantSite/internal/services/album-service/service.go:144.2,144.29 1 1
PlantSite/internal/services/album-service/service.go:144.29,146.3 1 0
PlantSite/internal/services/album-service/service.go:147.2,148.16 2 1
PlantSite/internal/services/album-service/service.go:148.16,150.3 1 0
PlantSite/internal/services/album-service/service.go:151.2,151.35 1 1
PlantSite/internal/services/album-service/service.go:151.35,153.3 1 1
PlantSite/internal/services/album-service/service.go:154.2,155.16 2 1
PlantSite/internal/services/album-service/service.go:155.16,157.3 1 0
PlantSite/internal/services/album-service/service.go:158.2,158.12 1 1
PlantSite/internal/services/album-service/service.go:161.80,163.17 2 1
PlantSite/internal/services/album-service/service.go:163.17,165.3 1 0
PlantSite/internal/services/album-service/service.go:166.2,166.29 1 1
PlantSite/internal/services/album-service/service.go:166.29,168.3 1 0
PlantSite/internal/services/album-service/service.go:169.2,170.16 2 1
PlantSite/internal/services/album-service/service.go:170.16,172.3 1 0
PlantSite/internal/services/album-service/service.go:173.2,173.18 1 1
PlantSite/internal/services/plant-service/create.go:18.116,20.17 2 1
PlantSite/internal/services/plant-service/create.go:20.17,22.3 1 1
PlantSite/internal/services/plant-service/create.go:23.2,23.29 1 1
PlantSite/internal/services/plant-service/create.go:23.29,25.3 1 1
PlantSite/internal/services/plant-service/create.go:27.2,28.16 2 1
PlantSite/internal/services/plant-service/create.go:28.16,30.3 1 1
PlantSite/internal/services/plant-service/create.go:32.2,33.16 2 1
PlantSite/internal/services/plant-service/create.go:33.16,35.3 1 1
PlantSite/internal/services/plant-service/create.go:36.2,37.16 2 1
PlantSite/internal/services/plant-service/create.go:37.16,39.3 1 1
PlantSite/internal/services/plant-service/create.go:40.2,41.16 2 1
PlantSite/internal/services/plant-service/create.go:41.16,43.3 1 1
PlantSite/internal/services/plant-service/create.go:45.2,45.12 1 1
PlantSite/internal/services/plant-service/errors.go:10.43,12.2 1 1
PlantSite/internal/services/plant-service/errors.go:14.43,16.2 1 1
PlantSite/internal/services/plant-service/errors.go:18.38,20.2 1 1
PlantSite/internal/services/plant-service/get.go:31.87,33.17 2 1
PlantSite/internal/services/plant-service/get.go:33.17,35.3 1 1
PlantSite/internal/services/plant-service/get.go:36.2,36.29 1 1
PlantSite/internal/services/plant-service/get.go:36.29,38.3 1 1
PlantSite/internal/services/plant-service/get.go:39.2,40.16 2 1
PlantSite/internal/services/plant-service/get.go:40.16,42.3 1 1
PlantSite/internal/services/plant-service/get.go:44.2,45.16 2 1
PlantSite/internal/services/plant-service/get.go:45.16,47.3 1 1
PlantSite/internal/services/plant-service/get.go:48.2,49.62 2 1
PlantSite/internal/services/plant-service/get.go:49.62,51.17 2 1
PlantSite/internal/services/plant-service/get.go:51.17,53.4 1 1
PlantSite/internal/services/plant-service/get.go:54.3,59.13 2 1
PlantSite/internal/services/plant-service/get.go:61.2,61.16 1 1
PlantSite/internal/services/plant-service/get.go:61.16,63.3 1 1
PlantSite/internal/services/plant-service/get.go:65.2,75.8 1 1
PlantSite/internal/services/plant-service/service.go:18.138,19.23 1 1
PlantSite/internal/services/plant-service/service.go:19.23,20.26 1 0
PlantSite/internal/services/plant-service/service.go:22.2,22.17 1 1
PlantSite/internal/services/plant-service/service.go:22.17,23.35 1 0
PlantSite/internal/services/plant-service/service.go:25.2,25.21 1 1
PlantSite/internal/services/plant-service/service.go:25.21,26.31 1 0
PlantSite/internal/services/plant-service/service.go:28.2,31.3 1 1
PlantSite/internal/services/plant-service/service.go:34.112,37.17 2 1
PlantSite/internal/services/plant-service/service.go:37.17,39.3 1 0
PlantSite/internal/services/plant-service/service.go:40.2,40.29 1 1
PlantSite/internal/services/plant-service/service.go:40.29,42.3 1 0
PlantSite/internal/services/plant-service/service.go:43.2,43.83 1 1
PlantSite/internal/services/plant-service/service.go:43.83,46.3 2 1
PlantSite/internal/services/plant-service/service.go:47.2,47.12 1 1
PlantSite/internal/services/plant-service/service.go:50.77,52.17 2 1
PlantSite/internal/services/plant-service/service.go:52.17,54.3 1 0
PlantSite/internal/services/plant-service/service.go:55.2,55.29 1 1
PlantSite/internal/services/plant-service/service.go:55.29,57.3 1 0
PlantSite/internal/services/plant-service/service.go:58.2,58.36 1 1
PlantSite/internal/services/plant-service/service.go:61.125,63.17 2 1
PlantSite/internal/services/plant-service/service.go:63.17,65.3 1 0
PlantSite/internal/services/plant-service/service.go:66.2,66.29 1 1
PlantSite/internal/services/plant-service/service.go:66.29,68.3 1 0
PlantSite/internal/services/plant-service/service.go:69.2,70.16 2 1
PlantSite/internal/services/plant-service/service.go:70.16,72.3 1 0
PlantSite/internal/services/plant-service/service.go:73.2,73.82 1 1
PlantSite/internal/services/plant-service/service.go:73.82,75.17 2 1
PlantSite/internal/services/plant-service/service.go:75.17,77.4 1 0
PlantSite/internal/services/plant-service/service.go:78.3,79.16 2 1
PlantSite/internal/services/plant-service/service.go:81.2,81.12 1 1
PlantSite/internal/services/plant-service/service.go:84.105,86.17 2 0
PlantSite/internal/services/plant-service/service.go:86.17,88.3 1 0
PlantSite/internal/services/plant-service/service.go:89.2,89.29 1 0
PlantSite/internal/services/plant-service/service.go:89.29,91.3 1 0
PlantSite/internal/services/plant-service/service.go:92.2,92.46 1 0
PlantSite/internal/services/plant-service/service.go:95.91,97.17 2 0
PlantSite/internal/services/plant-service/service.go:97.17,99.3 1 0
PlantSite/internal/services/plant-service/service.go:100.2,100.29 1 0
PlantSite/internal/services/plant-service/service.go:100.29,102.3 1 0
PlantSite/internal/services/plant-service/service.go:103.2,103.42 1 0
PlantSite/internal/services/post-service/create.go:16.125,18.17 2 1
PlantSite/internal/services/post-service/create.go:18.17,20.3 1 1
PlantSite/internal/services/post-service/create.go:21.2,21.29 1 1
PlantSite/internal/services/post-service/create.go:21.29,23.3 1 1
PlantSite/internal/services/post-service/create.go:26.2,27.29 2 1
PlantSite/internal/services/post-service/create.go:27.29,28.74 1 1
PlantSite/internal/services/post-service/create.go:28.74,30.4 1 1
PlantSite/internal/services/post-service/create.go:31.3,32.17 2 1
PlantSite/internal/services/post-service/create.go:32.17,34.4 1 1
PlantSite/internal/services/post-service/create.go:35.3,36.17 2 1
PlantSite/internal/services/post-service/create.go:36.17,38.4 1 0
PlantSite/internal/services/post-service/create.go:40.3,41.17 2 1
PlantSite/internal/services/post-service/create.go:41.17,43.4 1 0
PlantSite/internal/services/post-service/create.go:46.2,47.16 2 1
PlantSite/internal/services/post-service/create.go:47.16,49.3 1 0
PlantSite/internal/services/post-service/create.go:51.2,51.37 1 1
PlantSite/internal/services/post-service/delete.go:11.71,13.17 2 1
PlantSite/internal/services/post-service/delete.go:13.17,15.3 1 1
PlantSite/internal/services/post-service/delete.go:16.2,16.29 1 1
PlantSite/internal/services/post-service/delete.go:16.29,18.3 1 1
PlantSite/internal/services/post-service/delete.go:19.2,19.20 1 1
PlantSite/internal/services/post-service/delete.go:19.20,21.3 1 1
PlantSite/internal/services/post-service/delete.go:22.2,22.35 1 1
PlantSite/internal/services/post-service/errors.go:10.42,12.2 1 1
PlantSite/internal/services/post-service/errors.go:14.42,16.2 1 1
PlantSite/internal/services/post-service/errors.go:18.37,20.2 1 1
PlantSite/internal/services/post-service/get.go:32.84,34.17 2 1
PlantSite/internal/services/post-service/get.go:34.17,36.3 1 1
PlantSite/internal/services/post-service/get.go:37.2,37.29 1 1
PlantSite/internal/services/post-service/get.go:37.29,39.3 1 1
PlantSite/internal/services/post-service/get.go:40.2,40.20 1 1
PlantSite/internal/services/post-service/get.go:40.20,42.3 1 1
PlantSite/internal/services/post-service/get.go:43.2,44.16 2 1
PlantSite/internal/services/post-service/get.go:44.16,46.3 1 1
PlantSite/internal/services/post-service/get.go:47.2,49.41 2 1
PlantSite/internal/services/post-service/get.go:49.41,51.17 2 1
PlantSite/internal/services/post-service/get.go:51.17,53.4 1 1
PlantSite/internal/services/post-service/get.go:54.3,58.5 1 1
PlantSite/internal/services/post-service/get.go:61.2,71.8 1 1
PlantSite/internal/services/post-service/service.go:13.92,15.2 1 1
PlantSite/internal/services/post-service/update-text.go:17.114,19.17 2 1
PlantSite/internal/services/post-service/update-text.go:19.17,21.3 1 1
PlantSite/internal/services/post-service/update-text.go:22.2,22.29 1 1
PlantSite/internal/services/post-service/update-text.go:22.29,24.3 1 1
PlantSite/internal/services/post-service/update-text.go:26.2,26.78 1 1
PlantSite/internal/services/post-service/update-text.go:26.78,27.32 1 1
PlantSite/internal/services/post-service/update-text.go:27.32,29.4 1 0
PlantSite/internal/services/post-service/update-text.go:30.3,31.17 2 1
PlantSite/internal/services/post-service/update-text.go:31.17,33.4 1 1
PlantSite/internal/services/post-service/update-text.go:34.3,35.17 2 1
PlantSite/internal/services/post-service/update-text.go:35.17,37.4 1 1
PlantSite/internal/services/post-service/update-text.go:38.3,39.17 2 1
PlantSite/internal/services/post-service/update-text.go:39.17,41.4 1 1
PlantSite/internal/services/post-service/update-text.go:42.3,42.16 1 1
PlantSite/internal/services/post-service/update-text.go:45.2,45.15 1 1
PlantSite/internal/utils/bcrypthasher/hasher.go:13.57,14.52 1 1
PlantSite/internal/utils/bcrypthasher/hasher.go:14.52,15.36 1 1
PlantSite/internal/utils/bcrypthasher/hasher.go:17.2,17.24 1 1
PlantSite/internal/utils/bcrypthasher/hasher.go:20.60,23.2 2 1
PlantSite/internal/utils/bcrypthasher/hasher.go:25.80,28.2 2 1
PlantSite/internal/repositories/postgres/auth-storage/postgres.go:19.110,21.2 1 1
PlantSite/internal/repositories/postgres/auth-storage/postgres.go:38.139,46.16 3 1
PlantSite/internal/repositories/postgres/auth-storage/postgres.go:46.16,48.3 1 0
PlantSite/internal/repositories/postgres/auth-storage/postgres.go:50.2,52.27 2 1
PlantSite/internal/repositories/postgres/auth-storage/postgres.go:52.27,54.3 1 1
PlantSite/internal/repositories/postgres/auth-storage/postgres.go:54.8,54.23 1 1
PlantSite/internal/repositories/postgres/auth-storage/postgres.go:54.23,56.3 1 0
PlantSite/internal/repositories/postgres/auth-storage/postgres.go:58.2,65.16 2 1
PlantSite/internal/repositories/postgres/auth-storage/postgres.go:65.16,67.3 1 0
PlantSite/internal/repositories/postgres/auth-storage/postgres.go:69.2,69.23 1 1
PlantSite/internal/repositories/postgres/auth-storage/postgres.go:72.108,80.16 3 1
PlantSite/internal/repositories/postgres/auth-storage/postgres.go:80.16,82.3 1 0
PlantSite/internal/repositories/postgres/auth-storage/postgres.go:84.2,86.27 2 1
PlantSite/internal/repositories/postgres/auth-storage/postgres.go:86.27,88.3 1 1
PlantSite/internal/repositories/postgres/auth-storage/postgres.go:88.8,88.23 1 1
PlantSite/internal/repositories/postgres/auth-storage/postgres.go:88.23,90.3 1 0
PlantSite/internal/repositories/postgres/auth-storage/postgres.go:92.2,98.16 2 1
PlantSite/internal/repositories/postgres/auth-storage/postgres.go:98.16,100.3 1 0
PlantSite/internal/repositories/postgres/auth-storage/postgres.go:102.2,102.24 1 1
PlantSite/internal/repositories/postgres/auth-storage/postgres.go:105.134,107.42 2 1
PlantSite/internal/repositories/postgres/auth-storage/postgres.go:107.42,109.3 1 1
PlantSite/internal/repositories/postgres/auth-storage/postgres.go:109.8,109.23 1 1
PlantSite/internal/repositories/postgres/auth-storage/postgres.go:109.23,111.3 1 0
PlantSite/internal/repositories/postgres/auth-storage/postgres.go:113.2,114.42 2 1
PlantSite/internal/repositories/postgres/auth-storage/postgres.go:114.42,116.3 1 1
PlantSite/internal/repositories/postgres/auth-storage/postgres.go:116.8,116.23 1 1
PlantSite/internal/repositories/postgres/auth-storage/postgres.go:116.23,118.3 1 0
PlantSite/internal/repositories/postgres/auth-storage/postgres.go:120.2,120.24 1 1
PlantSite/internal/repositories/postgres/auth-storage/postgres.go:124.95,126.2 1 1
PlantSite/internal/repositories/postgres/auth-storage/postgres.go:128.102,134.16 2 1
PlantSite/internal/repositories/postgres/auth-storage/postgres.go:134.16,136.3 1 1
PlantSite/internal/repositories/postgres/auth-storage/postgres.go:138.2,138.17 1 1
PlantSite/internal/repositories/postgres/auth-storage/postgres.go:141.101,150.2 2 1
PlantSite/internal/repositories/postgres/auth-storage/postgres.go:152.99,158.16 2 1
PlantSite/internal/repositories/postgres/auth-storage/postgres.go:158.16,160.3 1 0
PlantSite/internal/repositories/postgres/auth-storage/postgres.go:161.2,161.12 1 1
PlantSite/internal/repositories/postgres/auth-storage/postgres.go:164.143,166.16 2 1
PlantSite/internal/repositories/postgres/auth-storage/postgres.go:166.16,168.3 1 1
[...]
PlantSite/internal/repositories/postgres/plant-storage/postgres.go:21.114,23.2 1 1
PlantSite/internal/repositories/postgres/plant-storage/postgres.go:43.104,46.16 3 1
PlantSite/internal/repositories/postgres/plant-storage/postgres.go:46.16,48.3 1 1
PlantSite/internal/repositories/postgres/plant-storage/postgres.go:49.2,49.18 1 1
PlantSite/internal/repositories/postgres/plant-storage/postgres.go:52.107,53.70 1 1
PlantSite/internal/repositories/postgres/plant-storage/postgres.go:53.70,55.17 2 1
PlantSite/internal/repositories/postgres/plant-storage/postgres.go:55.17,57.4 1 0
PlantSite/internal/repositories/postgres/plant-storage/postgres.go:58.3,59.17 2 1
PlantSite/internal/repositories/postgres/plant-storage/postgres.go:59.17,61.4 1 0
PlantSite/internal/repositories/postgres/plant-storage/postgres.go:62.3,67.17 2 1
PlantSite/internal/repositories/postgres/plant-storage/postgres.go:67.17,69.4 1 0
PlantSite/internal/repositories/postgres/plant-storage/postgres.go:70.3,70.33 1 1
PlantSite/internal/repositories/postgres/plant-storage/postgres.go:70.33,74.66 2 1
PlantSite/internal/repositories/postgres/plant-storage/postgres.go:74.66,77.5 2 1
PlantSite/internal/repositories/postgres/plant-storage/postgres.go:78.4,78.18 1 1
PlantSite/internal/repositories/postgres/plant-storage/postgres.go:78.18,80.5 1 0
PlantSite/internal/repositories/postgres/plant-storage/postgres.go:81.4,82.18 2 1
PlantSite/internal/repositories/postgres/plant-storage/postgres.go:82.18,84.5 1 1
PlantSite/internal/repositories/postgres/plant-storage/postgres.go:86.3,86.13 1 1
PlantSite/internal/repositories/postgres/plant-storage/postgres.go:88.2,88.16 1 1
PlantSite/internal/repositories/postgres/plant-storage/postgres.go:88.16,90.3 1 1
PlantSite/internal/repositories/postgres/plant-storage/postgres.go:91.2,91.18 1 1
PlantSite/internal/repositories/postgres/plant-storage/postgres.go:94.158,96.16 2 1
PlantSite/internal/repositories/postgres/plant-storage/postgres.go:96.16,98.3 1 0
PlantSite/internal/repositories/postgres/plant-storage/postgres.go:99.2,100.16 2 1
PlantSite/internal/repositories/postgres/plant-storage/postgres.go:100.16,102.3 1 0
PlantSite/internal/repositories/postgres/plant-storage/postgres.go:103.2,104.16 2 1
PlantSite/internal/repositories/postgres/plant-storage/postgres.go:104.16,106.3 1 0
PlantSite/internal/repositories/postgres/plant-storage/postgres.go:107.2,108.16 2 1
PlantSite/internal/repositories/postgres/plant-storage/postgres.go:108.16,110.3 1 0
PlantSite/internal/repositories/postgres/plant-storage/postgres.go:112.2,112.69 1 1
PlantSite/internal/repositories/postgres/plant-storage/postgres.go:112.69,124.17 2 1
PlantSite/internal/repositories/postgres/plant-storage/postgres.go:124.17,126.4 1 1
PlantSite/internal/repositories/postgres/plant-storage/postgres.go:128.3,130.17 2 1
PlantSite/internal/repositories/postgres/plant-storage/postgres.go:130.17,132.4 1 0
PlantSite/internal/repositories/postgres/plant-storage/postgres.go:133.3,135.65 2 1
PlantSite/internal/repositories/postgres/plant-storage/postgres.go:135.65,138.4 2 1
PlantSite/internal/repositories/postgres/plant-storage/postgres.go:139.3,139.17 1 1
PlantSite/internal/repositories/postgres/plant-storage/postgres.go:139.17,141.4 1 0
PlantSite/internal/repositories/postgres/plant-storage/postgres.go:142.3,143.17 2 1
PlantSite/internal/repositories/postgres/plant-storage/postgres.go:143.17,145.4 1 0
PlantSite/internal/repositories/postgres/plant-storage/postgres.go:146.3,146.13 1 1
PlantSite/internal/repositories/postgres/plant-storage/postgres.go:148.2,148.16 1 1
PlantSite/internal/repositories/postgres/plant-storage/postgres.go:148.16,150.3 1 1
PlantSite/internal/repositories/postgres/plant-storage/postgres.go:151.2,151.18 1 1
PlantSite/internal/repositories/postgres/plant-storage/postgres.go:154.91,155.70 1 1
PlantSite/internal/repositories/postgres/plant-storage/postgres.go:155.70,157.17 2 1
PlantSite/internal/repositories/postgres/plant-storage/postgres.go:157.17,159.4 1 1
PlantSite/internal/repositories/postgres/plant-storage/postgres.go:160.3,161.17 2 1
PlantSite/internal/repositories/postgres/plant-storage/postgres.go:161.17,163.4 1 0
PlantSite/internal/repositories/postgres/plant-storage/postgres.go:164.3,164.13 1 1
PlantSite/internal/repositories/postgres/plant-storage/postgres.go:166.2,166.16 1 1
PlantSite/internal/repositories/postgres/plant-storage/postgres.go:166.16,168.3 1 1
PlantSite/internal/repositories/postgres/plant-storage/postgres.go:169.2,169.12 1 1
PlantSite/internal/repositories/postgres/post-storage/postgres.go:19.112,21.2 1 1
PlantSite/internal/repositories/postgres/post-storage/postgres.go:23.101,24.70 1 1
PlantSite/internal/repositories/postgres/post-storage/postgres.go:24.70,29.17 2 1
PlantSite/internal/repositories/postgres/post-storage/postgres.go:29.17,31.4 1 0
PlantSite/internal/repositories/postgres/post-storage/postgres.go:32.3,32.29 1 1
PlantSite/internal/repositories/postgres/post-storage/postgres.go:32.29,36.46 2 1
PlantSite/internal/repositories/postgres/post-storage/postgres.go:36.46,38.5 1 1
PlantSite/internal/repositories/postgres/post-storage/postgres.go:39.4,40.18 2 1
PlantSite/internal/repositories/postgres/post-storage/postgres.go:40.18,42.5 1 1
PlantSite/internal/repositories/postgres/post-storage/postgres.go:45.3,48.34 2 1
PlantSite/internal/repositories/postgres/post-storage/postgres.go:48.34,50.4 1 1
PlantSite/internal/repositories/postgres/post-storage/postgres.go:51.3,52.17 2 1
PlantSite/internal/repositories/postgres/post-storage/postgres.go:52.17,54.4 1 0
PlantSite/internal/repositories/postgres/post-storage/postgres.go:55.3,55.13 1 1
PlantSite/internal/repositories/postgres/post-storage/postgres.go:57.2,57.16 1 1
PlantSite/internal/repositories/postgres/post-storage/postgres.go:57.16,59.3 1 1
PlantSite/internal/repositories/postgres/post-storage/postgres.go:61.2,61.17 1 1
PlantSite/internal/repositories/postgres/post-storage/postgres.go:79.100,82.16 3 1
PlantSite/internal/repositories/postgres/post-storage/postgres.go:82.16,84.3 1 1
PlantSite/internal/repositories/postgres/post-storage/postgres.go:85.2,85.17 1 1
PlantSite/internal/repositories/postgres/post-storage/postgres.go:88.146,90.16 2 1
PlantSite/internal/repositories/postgres/post-storage/postgres.go:90.16,92.3 1 0
PlantSite/internal/repositories/postgres/post-storage/postgres.go:93.2,94.16 2 1
PlantSite/internal/repositories/postgres/post-storage/postgres.go:94.16,96.3 1 0
PlantSite/internal/repositories/postgres/post-storage/postgres.go:98.2,98.69 1 1
PlantSite/internal/repositories/postgres/post-storage/postgres.go:98.69,105.17 2 1
PlantSite/internal/repositories/postgres/post-storage/postgres.go:105.17,107.4 1 0
PlantSite/internal/repositories/postgres/post-storage/postgres.go:108.3,110.17 2 1
PlantSite/internal/repositories/postgres/post-storage/postgres.go:110.17,112.4 1 0
PlantSite/internal/repositories/postgres/post-storage/postgres.go:113.3,113.52 1 1
PlantSite/internal/repositories/postgres/post-storage/postgres.go:113.52,117.18 2 1
PlantSite/internal/repositories/postgres/post-storage/postgres.go:117.18,119.5 1 1
PlantSite/internal/repositories/postgres/post-storage/postgres.go:121.3,123.17 2 1
PlantSite/internal/repositories/postgres/post-storage/postgres.go:123.17,125.4 1 0
PlantSite/internal/repositories/postgres/post-storage/postgres.go:126.3,126.41 1 1
PlantSite/internal/repositories/postgres/post-storage/postgres.go:126.41,130.18 2 1
PlantSite/internal/repositories/postgres/post-storage/postgres.go:130.18,132.5 1 0
PlantSite/internal/repositories/postgres/post-storage/postgres.go:134.3,134.13 1 1
PlantSite/internal/repositories/postgres/post-storage/postgres.go:136.2,136.16 1 1
PlantSite/internal/repositories/postgres/post-storage/postgres.go:136.16,138.3 1 1
PlantSite/internal/repositories/postgres/post-storage/postgres.go:139.2,139.24 1 1
PlantSite/internal/repositories/postgres/post-storage/postgres.go:142.89,143.70 1 1
PlantSite/internal/repositories/postgres/post-storage/postgres.go:143.70,146.17 2 1
PlantSite/internal/repositories/postgres/post-storage/postgres.go:146.17,148.4 1 1
PlantSite/internal/repositories/postgres/post-storage/postgres.go:149.3,151.17 2 1
PlantSite/internal/repositories/postgres/post-storage/postgres.go:151.17,153.4 1 0
PlantSite/internal/repositories/postgres/post-storage/postgres.go:154.3,156.17 2 1
PlantSite/internal/repositories/postgres/post-storage/postgres.go:156.17,158.4 1 0
PlantSite/internal/repositories/postgres/post-storage/postgres.go:159.3,159.13 1 1
PlantSite/internal/repositories/postgres/post-storage/postgres.go:161.2,161.16 1 1
PlantSite/internal/repositories/postgres/post-storage/postgres.go:161.16,163.3 1 1
PlantSite/internal/repositories/postgres/post-storage/postgres.go:164.2,164.12 1 1
PlantSite/internal/repositories/postgres/post-storage/postgres.go:176.116,178.16 2 1
PlantSite/internal/repositories/postgres/post-storage/postgres.go:178.16,180.3 1 0
PlantSite/internal/repositories/postgres/post-storage/postgres.go:181.2,182.35 2 1
PlantSite/internal/repositories/postgres/post-storage/postgres.go:182.35,184.17 2 1
PlantSite/internal/repositories/postgres/post-storage/postgres.go:184.17,186.4 1 0
PlantSite/internal/repositories/postgres/post-storage/postgres.go:187.3,188.17 2 1
PlantSite/internal/repositories/postgres/post-storage/postgres.go:188.17,190.4 1 0
PlantSite/internal/repositories/postgres/post-storage/postgres.go:191.3,192.17 2 1
PlantSite/internal/repositories/postgres/post-storage/postgres.go:192.17,194.4 1 0
PlantSite/internal/repositories/postgres/post-storage/postgres.go:195.3,196.17 2 1
PlantSite/internal/repositories/postgres/post-storage/postgres.go:196.17,198.4 1 0
PlantSite/internal/repositories/postgres/post-storage/postgres.go:199.3,199.27 1 1
PlantSite/internal/repositories/postgres/post-storage/postgres.go:201.2,201.19 1 1
PlantSite/internal/repositories/postgres/post-storage/postgres.go:204.117,209.16 2 1
PlantSite/internal/repositories/postgres/post-storage/postgres.go:209.16,211.3 1 0
PlantSite/internal/repositories/postgres/post-storage/postgres.go:212.2,214.18 3 1
PlantSite/internal/repositories/postgres/post-storage/postgres.go:214.18,217.17 3 1
PlantSite/internal/repositories/postgres/post-storage/postgres.go:217.17,219.4 1 0
PlantSite/internal/repositories/postgres/post-storage/postgres.go:220.3,220.30 1 1
PlantSite/internal/repositories/postgres/post-storage/postgres.go:222.2,222.23 1 1
PlantSite/internal/repositories/postgres/post-storage/postgres.go:222.23,224.3 1 0
PlantSite/internal/repositories/postgres/post-storage/postgres.go:225.2,225.19 1 1
PlantSite/internal/repositories/postgres/post-storage/postgres.go:228.118,233.16 2 1
PlantSite/internal/repositories/postgres/post-storage/postgres.go:233.16,235.3 1 0
PlantSite/internal/repositories/postgres/post-storage/postgres.go:236.2,238.18 3 1
PlantSite/internal/repositories/postgres/post-storage/postgres.go:238.18,241.17 3 1
PlantSite/internal/repositories/postgres/post-storage/postgres.go:241.17,243.4 1 0
PlantSite/internal/repositories/postgres/post-storage/postgres.go:244.3,245.17 2 1
PlantSite/internal/repositories/postgres/post-storage/postgres.go:245.17,247.4 1 0
PlantSite/internal/repositories/postgres/post-storage/postgres.go:248.3,249.17 2 1
PlantSite/internal/repositories/postgres/post-storage/postgres.go:249.17,251.4 1 0
PlantSite/internal/repositories/postgres/post-storage/postgres.go:253.2,253.23 1 1
PlantSite/internal/repositories/postgres/post-storage/postgres.go:253.23,255.3 1 0
PlantSite/internal/repositories/postgres/post-storage/postgres.go:256.2,256.20 1 1
PlantSite/internal/repositories/postgres/post-storage/postgres.go:259.108,264.16 2 1
PlantSite/internal/repositories/postgres/post-storage/postgres.go:264.16,266.3 1 0
PlantSite/internal/repositories/postgres/post-storage/postgres.go:267.2,269.18 3 1
PlantSite/internal/repositories/postgres/post-storage/postgres.go:269.18,272.17 3 1
PlantSite/internal/repositories/postgres/post-storage/postgres.go:272.17,274.4 1 0
PlantSite/internal/repositories/postgres/post-storage/postgres.go:275.3,275.30 1 1
PlantSite/internal/repositories/postgres/post-storage/postgres.go:277.2,277.23 1 1
PlantSite/internal/repositories/postgres/post-storage/postgres.go:277.23,279.3 1 0
PlantSite/internal/repositories/postgres/post-storage/postgres.go:280.2,280.18 1 1
PlantSite/internal/repositories/postgres/search-storage/postgres.go:25.116,27.2 1 1
PlantSite/internal/repositories/postgres/search-storage/postgres.go:29.106,33.2 2 1
PlantSite/internal/repositories/postgres/search-storage/postgres.go:35.109,38.2 2 1
PlantSite/internal/repositories/postgres/search-storage/postgres.go:56.119,58.16 2 1
PlantSite/internal/repositories/postgres/search-storage/postgres.go:58.16,60.3 1 0
PlantSite/internal/repositories/postgres/search-storage/postgres.go:62.2,62.48 1 1
PlantSite/internal/repositories/postgres/search-storage/postgres.go:62.48,64.17 2 1
PlantSite/internal/repositories/postgres/search-storage/postgres.go:64.17,66.4 1 0
PlantSite/internal/repositories/postgres/search-storage/postgres.go:67.3,67.37 1 1
PlantSite/internal/repositories/postgres/search-storage/postgres.go:70.2,75.36 2 1
PlantSite/internal/repositories/postgres/search-storage/postgres.go:75.36,77.3 1 0
PlantSite/internal/repositories/postgres/search-storage/postgres.go:77.8,77.23 1 1
PlantSite/internal/repositories/postgres/search-storage/postgres.go:77.23,79.3 1 0
PlantSite/internal/repositories/postgres/search-storage/postgres.go:80.2,81.18 2 1
PlantSite/internal/repositories/postgres/search-storage/postgres.go:81.18,84.17 3 1
PlantSite/internal/repositories/postgres/search-storage/postgres.go:84.17,86.4 1 0
PlantSite/internal/repositories/postgres/search-storage/postgres.go:87.3,87.27 1 1
PlantSite/internal/repositories/postgres/search-storage/postgres.go:89.2,89.23 1 1
PlantSite/internal/repositories/postgres/search-storage/postgres.go:89.23,91.3 1 0
PlantSite/internal/repositories/postgres/search-storage/postgres.go:92.2,93.27 2 1
PlantSite/internal/repositories/postgres/search-storage/postgres.go:93.27,95.17 2 1
PlantSite/internal/repositories/postgres/search-storage/postgres.go:95.17,97.4 1 0
PlantSite/internal/repositories/postgres/search-storage/postgres.go:98.3,99.17 2 1
PlantSite/internal/repositories/postgres/search-storage/postgres.go:99.17,101.4 1 0
PlantSite/internal/repositories/postgres/search-storage/postgres.go:102.3,103.17 2 1
PlantSite/internal/repositories/postgres/search-storage/postgres.go:103.17,105.4 1 0
PlantSite/internal/repositories/postgres/search-storage/postgres.go:106.3,117.17 3 1
PlantSite/internal/repositories/postgres/search-storage/postgres.go:117.17,119.4 1 0
PlantSite/internal/repositories/postgres/search-storage/postgres.go:120.3,120.32 1 1
PlantSite/internal/repositories/postgres/search-storage/postgres.go:122.2,122.19 1 1
PlantSite/internal/repositories/postgres/search-storage/postgres.go:125.120,130.16 2 1
PlantSite/internal/repositories/postgres/search-storage/postgres.go:130.16,132.3 1 0
PlantSite/internal/repositories/postgres/search-storage/postgres.go:133.2,135.18 3 1
PlantSite/internal/repositories/postgres/search-storage/postgres.go:135.18,138.17 3 1
PlantSite/internal/repositories/postgres/search-storage/postgres.go:138.17,140.4 1 0
PlantSite/internal/repositories/postgres/search-storage/postgres.go:141.3,142.17 2 1
PlantSite/internal/repositories/postgres/search-storage/postgres.go:142.17,144.4 1 0
PlantSite/internal/repositories/postgres/search-storage/postgres.go:145.3,146.17 2 1
PlantSite/internal/repositories/postgres/search-storage/postgres.go:146.17,148.4 1 0
PlantSite/internal/repositories/postgres/search-storage/postgres.go:150.2,150.23 1 1
PlantSite/internal/repositories/postgres/search-storage/postgres.go:150.23,152.3 1 0
PlantSite/internal/repositories/postgres/search-storage/postgres.go:153.2,153.20 1 1
PlantSite/internal/repositories/postgres/search-storage/postgres.go:156.110,161.16 2 1
PlantSite/internal/repositories/postgres/search-storage/postgres.go:161.16,163.3 1 0
PlantSite/internal/repositories/postgres/search-storage/postgres.go:164.2,166.18 3 1
PlantSite/internal/repositories/postgres/search-storage/postgres.go:166.18,169.17 3 1
PlantSite/internal/repositories/postgres/search-storage/postgres.go:169.17,171.4 1 0
PlantSite/internal/repositories/postgres/search-storage/postgres.go:172.3,172.30 1 1
PlantSite/internal/repositories/postgres/search-storage/postgres.go:174.2,174.23 1 1
PlantSite/internal/repositories/postgres/search-storage/postgres.go:174.23,176.3 1 0
PlantSite/internal/repositories/postgres/search-storage/postgres.go:177.2,177.18 1 1
PlantSite/internal/repositories/postgres/search-storage/postgres.go:198.123,200.16 2 1
PlantSite/internal/repositories/postgres/search-storage/postgres.go:200.16,202.3 1 0
PlantSite/internal/repositories/postgres/search-storage/postgres.go:204.2,204.55 1 1
PlantSite/internal/repositories/postgres/search-storage/postgres.go:204.55,206.17 2 1
PlantSite/internal/repositories/postgres/search-storage/postgres.go:206.17,208.4 1 0
PlantSite/internal/repositories/postgres/search-storage/postgres.go:209.3,209.37 1 1
PlantSite/internal/repositories/postgres/search-storage/postgres.go:212.2,212.16 1 1
PlantSite/internal/repositories/postgres/search-storage/postgres.go:212.16,214.3 1 0
PlantSite/internal/repositories/postgres/search-storage/postgres.go:216.2,224.16 3 1
PlantSite/internal/repositories/postgres/search-storage/postgres.go:224.16,226.3 1 0
PlantSite/internal/repositories/postgres/search-storage/postgres.go:227.2,231.18 4 1
PlantSite/internal/repositories/postgres/search-storage/postgres.go:231.18,236.17 4 1
PlantSite/internal/repositories/postgres/search-storage/postgres.go:236.17,238.4 1 0
PlantSite/internal/repositories/postgres/search-storage/postgres.go:239.3,242.17 3 1
PlantSite/internal/repositories/postgres/search-storage/postgres.go:242.17,244.4 1 0
PlantSite/internal/repositories/postgres/search-storage/postgres.go:245.3,245.32 1 1
PlantSite/internal/repositories/postgres/search-storage/postgres.go:247.2,247.23 1 1
PlantSite/internal/repositories/postgres/search-storage/postgres.go:247.23,250.3 2 0
PlantSite/internal/repositories/postgres/search-storage/postgres.go:252.2,253.30 2 1
PlantSite/internal/repositories/postgres/search-storage/postgres.go:253.30,255.17 2 1
PlantSite/internal/repositories/postgres/search-storage/postgres.go:255.17,257.4 1 0
PlantSite/internal/repositories/postgres/search-storage/postgres.go:258.3,259.17 2 1
PlantSite/internal/repositories/postgres/search-storage/postgres.go:259.17,261.4 1 0
PlantSite/internal/repositories/postgres/search-storage/postgres.go:262.3,274.17 2 1
PlantSite/internal/repositories/postgres/search-storage/postgres.go:274.17,276.4 1 0
PlantSite/internal/repositories/postgres/search-storage/postgres.go:277.3,277.45 1 1
PlantSite/internal/repositories/postgres/search-storage/postgres.go:280.2,280.24 1 1
PlantSite/internal/repositories/postgres/search-storage/postgres.go:283.124,288.16 2 1
PlantSite/internal/repositories/postgres/search-storage/postgres.go:288.16,290.3 1 0
PlantSite/internal/repositories/postgres/search-storage/postgres.go:291.2,293.18 3 1
PlantSite/internal/repositories/postgres/search-storage/postgres.go:293.18,296.17 3 1
PlantSite/internal/repositories/postgres/search-storage/postgres.go:296.17,298.4 1 0
PlantSite/internal/repositories/postgres/search-storage/postgres.go:299.3,300.17 2 1
PlantSite/internal/repositories/postgres/search-storage/postgres.go:300.17,302.4 1 0
PlantSite/internal/repositories/postgres/search-storage/postgres.go:303.3,304.17 2 1
PlantSite/internal/repositories/postgres/search-storage/postgres.go:304.17,306.4 1 0
PlantSite/internal/repositories/postgres/search-storage/postgres.go:308.2,308.23 1 1
PlantSite/internal/repositories/postgres/search-storage/postgres.go:308.23,310.3 1 0
PlantSite/internal/repositories/postgres/search-storage/postgres.go:311.2,311.20 1 1
